Using pre-set license
Built from '2022.3/staging' branch; Version is '2022.3.19f1 (244b723c30a6) revision 2378610'; Using compiler version '192829333'; Build Type 'Release'
OS: 'Windows 10  (10.0.19045) 64bit Professional' Language: 'es' Physical Memory: 8002 MB
BatchMode: 1, IsHumanControllingUs: 0, StartBugReporterOnCrash: 0, Is64bit: 1, IsPro: 1

COMMAND LINE ARGUMENTS:
C:\Program Files\Unity\Hub\Editor\2022.3.19f1\Editor\Unity.exe
-adb2
-batchMode
-noUpm
-name
AssetImportWorker0
-projectPath
C:/Users/Usuario/Desktop/PartyUniverse
-logFile
Logs/AssetImportWorker0.log
-srvPort
52589
Successfully changed project path to: C:/Users/Usuario/Desktop/PartyUniverse
C:/Users/Usuario/Desktop/PartyUniverse
[UnityMemory] Configuration Parameters - Can be set up in boot.config
    "memorysetup-bucket-allocator-granularity=16"
    "memorysetup-bucket-allocator-bucket-count=8"
    "memorysetup-bucket-allocator-block-size=33554432"
    "memorysetup-bucket-allocator-block-count=8"
    "memorysetup-main-allocator-block-size=16777216"
    "memorysetup-thread-allocator-block-size=16777216"
    "memorysetup-gfx-main-allocator-block-size=16777216"
    "memorysetup-gfx-thread-allocator-block-size=16777216"
    "memorysetup-cache-allocator-block-size=4194304"
    "memorysetup-typetree-allocator-block-size=2097152"
    "memorysetup-profiler-bucket-allocator-granularity=16"
    "memorysetup-profiler-bucket-allocator-bucket-count=8"
    "memorysetup-profiler-bucket-allocator-block-size=33554432"
    "memorysetup-profiler-bucket-allocator-block-count=8"
    "memorysetup-profiler-allocator-block-size=16777216"
    "memorysetup-profiler-editor-allocator-block-size=1048576"
    "memorysetup-temp-allocator-size-main=16777216"
    "memorysetup-job-temp-allocator-block-size=2097152"
    "memorysetup-job-temp-allocator-block-size-background=1048576"
    "memorysetup-job-temp-allocator-reduction-small-platforms=262144"
    "memorysetup-allocator-temp-initial-block-size-main=262144"
    "memorysetup-allocator-temp-initial-block-size-worker=262144"
    "memorysetup-temp-allocator-size-background-worker=32768"
    "memorysetup-temp-allocator-size-job-worker=262144"
    "memorysetup-temp-allocator-size-preload-manager=33554432"
    "memorysetup-temp-allocator-size-nav-mesh-worker=65536"
    "memorysetup-temp-allocator-size-audio-worker=65536"
    "memorysetup-temp-allocator-size-cloud-worker=32768"
    "memorysetup-temp-allocator-size-gi-baking-worker=262144"
    "memorysetup-temp-allocator-size-gfx=262144"
Player connection [2260] Host "[IP] 192.168.56.1 [Port] 0 [Flags] 2 [Guid] 3623459980 [EditorId] 3623459980 [Version] 1048832 [Id] WindowsEditor(7,DESKTOP-HKAGGLI) [Debug] 1 [PackageName] WindowsEditor [ProjectName] Editor" joined multi-casting on [225.0.0.222:54997]...

Player connection [2260] Host "[IP] 192.168.56.1 [Port] 0 [Flags] 2 [Guid] 3623459980 [EditorId] 3623459980 [Version] 1048832 [Id] WindowsEditor(7,DESKTOP-HKAGGLI) [Debug] 1 [PackageName] WindowsEditor [ProjectName] Editor" joined alternative multi-casting on [225.0.0.222:34997]...

[Physics::Module] Initialized MultithreadedJobDispatcher with 7 workers.
Refreshing native plugins compatible for Editor in 38.34 ms, found 3 plugins.
Preloading 0 native plugins for Editor in 0.00 ms.
Initialize engine version: 2022.3.19f1 (244b723c30a6)
[Subsystems] Discovering subsystems at path C:/Program Files/Unity/Hub/Editor/2022.3.19f1/Editor/Data/Resources/UnitySubsystems
[Subsystems] Discovering subsystems at path C:/Users/Usuario/Desktop/PartyUniverse/Assets
GfxDevice: creating device client; threaded=0; jobified=0
Direct3D:
    Version:  Direct3D 11.0 [level 11.1]
    Renderer: Radeon RX 560X (ID=0x67ef)
    Vendor:   ATI
    VRAM:     4074 MB
    Driver:   31.0.21905.1001
Initialize mono
Mono path[0] = 'C:/Program Files/Unity/Hub/Editor/2022.3.19f1/Editor/Data/Managed'
Mono path[1] = 'C:/Program Files/Unity/Hub/Editor/2022.3.19f1/Editor/Data/MonoBleedingEdge/lib/mono/unityjit-win32'
Mono config path = 'C:/Program Files/Unity/Hub/Editor/2022.3.19f1/Editor/Data/MonoBleedingEdge/etc'
Using monoOptions --debugger-agent=transport=dt_socket,embedding=1,server=y,suspend=n,address=127.0.0.1:56232
Begin MonoManager ReloadAssembly
Registering precompiled unity dll's ...
Register platform support module: C:/Program Files/Unity/Hub/Editor/2022.3.19f1/Editor/Data/PlaybackEngines/WebGLSupport/UnityEditor.WebGL.Extensions.dll
Register platform support module: C:/Program Files/Unity/Hub/Editor/2022.3.19f1/Editor/Data/PlaybackEngines/AndroidPlayer/UnityEditor.Android.Extensions.dll
Register platform support module: C:/Program Files/Unity/Hub/Editor/2022.3.19f1/Editor/Data/PlaybackEngines/WindowsStandaloneSupport/UnityEditor.WindowsStandalone.Extensions.dll
Registered in 0.027907 seconds.
- Loaded All Assemblies, in  0.821 seconds
Native extension for WindowsStandalone target not found
Native extension for Android target not found
Android Extension - Scanning For ADB Devices 488 ms
Native extension for WebGL target not found
Mono: successfully reloaded assembly
- Finished resetting the current domain, in  1.072 seconds
Domain Reload Profiling: 1889ms
	BeginReloadAssembly (298ms)
		ExecutionOrderSort (0ms)
		DisableScriptedObjects (0ms)
		BackupInstance (0ms)
		ReleaseScriptingObjects (0ms)
		CreateAndSetChildDomain (1ms)
	RebuildCommonClasses (77ms)
	RebuildNativeTypeToScriptingClass (22ms)
	initialDomainReloadingComplete (145ms)
	LoadAllAssembliesAndSetupDomain (275ms)
		LoadAssemblies (296ms)
		RebuildTransferFunctionScriptingTraits (0ms)
		AnalyzeDomain (270ms)
			TypeCache.Refresh (267ms)
				TypeCache.ScanAssembly (242ms)
			ScanForSourceGeneratedMonoScriptInfo (1ms)
			ResolveRequiredComponents (1ms)
	FinalizeReload (1073ms)
		ReleaseScriptCaches (0ms)
		RebuildScriptCaches (0ms)
		SetupLoadedEditorAssemblies (982ms)
			LogAssemblyErrors (0ms)
			InitializePlatformSupportModulesInManaged (684ms)
			SetLoadedEditorAssemblies (6ms)
			RefreshPlugins (0ms)
			BeforeProcessingInitializeOnLoad (4ms)
			ProcessInitializeOnLoadAttributes (212ms)
			ProcessInitializeOnLoadMethodAttributes (76ms)
			AfterProcessingInitializeOnLoad (0ms)
			EditorAssembliesLoaded (0ms)
		ExecutionOrderSort2 (0ms)
		AwakeInstancesAfterBackupRestoration (0ms)
========================================================================
Worker process is ready to serve import requests
Begin MonoManager ReloadAssembly
- Loaded All Assemblies, in  1.433 seconds
Refreshing native plugins compatible for Editor in 5.37 ms, found 3 plugins.
Native extension for WindowsStandalone target not found
Native extension for Android target not found
Native extension for WebGL target not found
Package Manager log level set to [2]
[Package Manager] Server::EnsureServerProcessIsRunning -- launch failed, reason: Unity was launched with the -noUpm command-line argument
[Package Manager] UpmClient::Send -- Unable to send message (not connected to UPM process).
[Package Manager] Cannot connect to Unity Package Manager local server
Mono: successfully reloaded assembly
- Finished resetting the current domain, in  0.898 seconds
Domain Reload Profiling: 2331ms
	BeginReloadAssembly (245ms)
		ExecutionOrderSort (0ms)
		DisableScriptedObjects (10ms)
		BackupInstance (0ms)
		ReleaseScriptingObjects (0ms)
		CreateAndSetChildDomain (33ms)
	RebuildCommonClasses (53ms)
	RebuildNativeTypeToScriptingClass (17ms)
	initialDomainReloadingComplete (73ms)
	LoadAllAssembliesAndSetupDomain (1040ms)
		LoadAssemblies (666ms)
		RebuildTransferFunctionScriptingTraits (0ms)
		AnalyzeDomain (517ms)
			TypeCache.Refresh (474ms)
				TypeCache.ScanAssembly (335ms)
			ScanForSourceGeneratedMonoScriptInfo (33ms)
			ResolveRequiredComponents (8ms)
	FinalizeReload (903ms)
		ReleaseScriptCaches (0ms)
		RebuildScriptCaches (0ms)
		SetupLoadedEditorAssemblies (633ms)
			LogAssemblyErrors (0ms)
			InitializePlatformSupportModulesInManaged (41ms)
			SetLoadedEditorAssemblies (7ms)
			RefreshPlugins (0ms)
			BeforeProcessingInitializeOnLoad (91ms)
			ProcessInitializeOnLoadAttributes (448ms)
			ProcessInitializeOnLoadMethodAttributes (33ms)
			AfterProcessingInitializeOnLoad (12ms)
			EditorAssembliesLoaded (0ms)
		ExecutionOrderSort2 (0ms)
		AwakeInstancesAfterBackupRestoration (15ms)
Launched and connected shader compiler UnityShaderCompiler.exe after 0.07 seconds
Refreshing native plugins compatible for Editor in 7.05 ms, found 3 plugins.
Preloading 0 native plugins for Editor in 0.00 ms.
Unloading 3129 Unused Serialized files (Serialized files now loaded: 0)
Unloading 35 unused Assets / (57.0 KB). Loaded Objects now: 3594.
Memory consumption went from 128.5 MB to 128.4 MB.
Total: 9.755500 ms (FindLiveObjects: 1.746600 ms CreateObjectMapping: 0.546600 ms MarkObjects: 6.343000 ms  DeleteObjects: 1.112400 ms)

AssetImportParameters requested are different than current active one (requested -> active):
  custom:container-demuxer-ogg: 62fdf1f143b41e24485cea50d1cbac27 -> 
  custom:video-decoder-ogg-theora: a1e56fd34408186e4bbccfd4996cb3dc -> 
  custom:framework-win-MediaFoundation: 216162199b28c13a410421893ffa2e32 -> 
  custom:CustomObjectIndexerAttribute: 6d391050e5a25f67b0a2c618074f2cd9 -> 
  custom:container-demuxer-webm: 4f35f7cbe854078d1ac9338744f61a02 -> 
  custom:container-muxer-webm: aa71ff27fc2769a1b78a27578f13a17b -> 
  custom:video-decoder-webm-vp8: 9c59270c3fd7afecdb556c50c9e8de78 -> 
  custom:SearchIndexIgnoredProperties: e643bd26f0fe6173181afceb89e7c659 -> 
  custom:AudioImporter_EditorPlatform: d09bf68614088b80899f8185d706f6e7 -> 
  custom:video-encoder-webm-vp8: eb34c28f22e8b96e1ab97ce403110664 -> 
  custom:audio-decoder-ogg-vorbis: bf7c407c2cedff20999df2af8eb42d56 -> 
  custom:audio-encoder-webm-vorbis: bf7c407c2cedff20999df2af8eb42d56 -> 
========================================================================
Received Import Request.
  Time since last request: 456835.715984 seconds.
  path: Assets/Imagenes/astronomy-1867616_640.jpg
  artifactKey: Guid(165b8c91e4fcda94b990e15bf16ff168) Importer(815301076,1909f56bfc062723c751e8b465ee728b)
Start importing Assets/Imagenes/astronomy-1867616_640.jpg using Guid(165b8c91e4fcda94b990e15bf16ff168) Importer(815301076,1909f56bfc062723c751e8b465ee728b)  -> (artifact id: 'fb5ac179dcc2ceb01fc1fbdbcce4ec73') in 0.129815 seconds
Number of updated asset objects reloaded before import = 0
Number of asset objects unloaded after import = 2
========================================================================
Received Import Request.
  Time since last request: 11.750311 seconds.
  path: Assets/Imagenes/Fondo galaxia.jpg
  artifactKey: Guid(165b8c91e4fcda94b990e15bf16ff168) Importer(815301076,1909f56bfc062723c751e8b465ee728b)
Start importing Assets/Imagenes/Fondo galaxia.jpg using Guid(165b8c91e4fcda94b990e15bf16ff168) Importer(815301076,1909f56bfc062723c751e8b465ee728b)  -> (artifact id: '4765686d183aea8774ccf290ecf4a684') in 0.026975 seconds
Number of updated asset objects reloaded before import = 0
Number of asset objects unloaded after import = 2
========================================================================
Received Import Request.
  Time since last request: 49.120637 seconds.
  path: Assets/Imagenes/Fondo galaxia.jpg
  artifactKey: Guid(165b8c91e4fcda94b990e15bf16ff168) Importer(2089858483,0ecaa5967403d082aa24f35e1b516d23)
Start importing Assets/Imagenes/Fondo galaxia.jpg using Guid(165b8c91e4fcda94b990e15bf16ff168) Importer(2089858483,0ecaa5967403d082aa24f35e1b516d23) Generated GUIDs only implemented for interfaces!
 -> (artifact id: 'be8e24df44f3f7d7c72b5bbb1adfb1fe') in 0.223852 seconds
Number of updated asset objects reloaded before import = 0
Number of asset objects unloaded after import = 1
========================================================================
Received Import Request.
  Time since last request: 0.000031 seconds.
  path: Assets/Stylized Cute Alien Character/Scenes/TestScene2.unity
  artifactKey: Guid(1044c2c33e50b4e47a84273b20bebebf) Importer(2089858483,0ecaa5967403d082aa24f35e1b516d23)
Start importing Assets/Stylized Cute Alien Character/Scenes/TestScene2.unity using Guid(1044c2c33e50b4e47a84273b20bebebf) Importer(2089858483,0ecaa5967403d082aa24f35e1b516d23) Generated GUIDs only implemented for interfaces!
 -> (artifact id: '3d439ffc117b103a59d0b6a143ba77d6') in 0.016583 seconds
Number of updated asset objects reloaded before import = 0
Number of asset objects unloaded after import = 1
========================================================================
Received Import Request.
  Time since last request: 0.000035 seconds.
  path: Assets/Stylized Cute Alien Character/Scenes/Test_Scene.unity
  artifactKey: Guid(f8030de162e190c4ba457a71d9ca5321) Importer(2089858483,0ecaa5967403d082aa24f35e1b516d23)
Start importing Assets/Stylized Cute Alien Character/Scenes/Test_Scene.unity using Guid(f8030de162e190c4ba457a71d9ca5321) Importer(2089858483,0ecaa5967403d082aa24f35e1b516d23) Generated GUIDs only implemented for interfaces!
 -> (artifact id: '0fefc8e262f0ffd4c87868b901ef098a') in 0.021443 seconds
Number of updated asset objects reloaded before import = 0
Number of asset objects unloaded after import = 1
========================================================================
Received Import Request.
  Time since last request: 0.000033 seconds.
  path: Assets/Stylized Cute Alien Character/Test Environment/Sky.mat
  artifactKey: Guid(c9528801da58fbe4ca1ec8dda97a8454) Importer(2089858483,0ecaa5967403d082aa24f35e1b516d23)
Start importing Assets/Stylized Cute Alien Character/Test Environment/Sky.mat using Guid(c9528801da58fbe4ca1ec8dda97a8454) Importer(2089858483,0ecaa5967403d082aa24f35e1b516d23) Generated GUIDs only implemented for interfaces!
 -> (artifact id: '1ed6394b8df0194bc9f14c8473dcb3ef') in 0.043160 seconds
Number of updated asset objects reloaded before import = 0
Number of asset objects unloaded after import = 1
========================================================================
Received Import Request.
  Time since last request: 0.000034 seconds.
  path: Assets/Stylized Cute Alien Character/Test Environment/Floor.mat
  artifactKey: Guid(928c58c463b372148a50096b4a8fa371) Importer(2089858483,0ecaa5967403d082aa24f35e1b516d23)
Start importing Assets/Stylized Cute Alien Character/Test Environment/Floor.mat using Guid(928c58c463b372148a50096b4a8fa371) Importer(2089858483,0ecaa5967403d082aa24f35e1b516d23) Generated GUIDs only implemented for interfaces!
 -> (artifact id: '2f004076493626acf73512baadb2754a') in 0.022810 seconds
Number of updated asset objects reloaded before import = 0
Number of asset objects unloaded after import = 1
========================================================================
Received Import Request.
  Time since last request: 0.000030 seconds.
  path: Assets/Snowconesolid Assets/Awesome Space Guy Toon Pack/Space Guy PREFABS/SpaceGuy_Green_No_Helmet.prefab
  artifactKey: Guid(bc108f9ada6177942badd47181ebee92) Importer(2089858483,0ecaa5967403d082aa24f35e1b516d23)
Start importing Assets/Snowconesolid Assets/Awesome Space Guy Toon Pack/Space Guy PREFABS/SpaceGuy_Green_No_Helmet.prefab using Guid(bc108f9ada6177942badd47181ebee92) Importer(2089858483,0ecaa5967403d082aa24f35e1b516d23) Generated GUIDs only implemented for interfaces!
 -> (artifact id: 'e4ccdd4c543289700019e013cc740309') in 0.055937 seconds
Number of updated asset objects reloaded before import = 0
Number of asset objects unloaded after import = 806
========================================================================
Received Import Request.
  Time since last request: 0.000027 seconds.
  path: Assets/Snowconesolid Assets/Awesome Space Guy Toon Pack/Space Guy PREFABS/Separate_Helmet_Prefabs/Helm_Black.prefab
  artifactKey: Guid(d15f2cc9aafee3a4eb60d729887544f9) Importer(2089858483,0ecaa5967403d082aa24f35e1b516d23)
Start importing Assets/Snowconesolid Assets/Awesome Space Guy Toon Pack/Space Guy PREFABS/Separate_Helmet_Prefabs/Helm_Black.prefab using Guid(d15f2cc9aafee3a4eb60d729887544f9) Importer(2089858483,0ecaa5967403d082aa24f35e1b516d23) Generated GUIDs only implemented for interfaces!
 -> (artifact id: '9814755f3f237fbbea693d066c46cd1f') in 0.044810 seconds
Number of updated asset objects reloaded before import = 0
Number of asset objects unloaded after import = 7
========================================================================
Received Import Request.
  Time since last request: 0.000035 seconds.
  path: Assets/Snowconesolid Assets/Awesome Space Guy Toon Pack/Space Guy PREFABS/Separate_Helmet_Prefabs/Helm_Blue.prefab
  artifactKey: Guid(60e8360a93d44694facf959c555bddc1) Importer(2089858483,0ecaa5967403d082aa24f35e1b516d23)
Start importing Assets/Snowconesolid Assets/Awesome Space Guy Toon Pack/Space Guy PREFABS/Separate_Helmet_Prefabs/Helm_Blue.prefab using Guid(60e8360a93d44694facf959c555bddc1) Importer(2089858483,0ecaa5967403d082aa24f35e1b516d23) Generated GUIDs only implemented for interfaces!
 -> (artifact id: 'bd6f95f48714bb21d41f4fd666593647') in 0.031343 seconds
Number of updated asset objects reloaded before import = 0
Number of asset objects unloaded after import = 7
========================================================================
Received Import Request.
  Time since last request: 0.000070 seconds.
  path: Assets/Stylized Cute Alien Character/Alien/Shaders/FresnelEyes.shadergraph
  artifactKey: Guid(6696555c359361c43af1328f23ace257) Importer(2089858483,0ecaa5967403d082aa24f35e1b516d23)
Start importing Assets/Stylized Cute Alien Character/Alien/Shaders/FresnelEyes.shadergraph using Guid(6696555c359361c43af1328f23ace257) Importer(2089858483,0ecaa5967403d082aa24f35e1b516d23) Generated GUIDs only implemented for interfaces!
 -> (artifact id: '655073cfed703af397a2fd8bccccf00f') in 0.019183 seconds
Number of updated asset objects reloaded before import = 0
Number of asset objects unloaded after import = 1
========================================================================
Received Import Request.
  Time since last request: 0.000055 seconds.
  path: Assets/Stylized Cute Alien Character/Scenes/TestScene3.unity
  artifactKey: Guid(5ac339483db002c49825500247b4e09e) Importer(2089858483,0ecaa5967403d082aa24f35e1b516d23)
Start importing Assets/Stylized Cute Alien Character/Scenes/TestScene3.unity using Guid(5ac339483db002c49825500247b4e09e) Importer(2089858483,0ecaa5967403d082aa24f35e1b516d23) Generated GUIDs only implemented for interfaces!
 -> (artifact id: '5510596b547f384c7bc99c089a086753') in 0.017625 seconds
Number of updated asset objects reloaded before import = 0
Number of asset objects unloaded after import = 1
========================================================================
Received Import Request.
  Time since last request: 0.000025 seconds.
  path: Assets/Stylized Cute Alien Character/Test Environment/GroundAlbedo.png
  artifactKey: Guid(102f4f34413724243953889e8a6bb8c7) Importer(2089858483,0ecaa5967403d082aa24f35e1b516d23)
Start importing Assets/Stylized Cute Alien Character/Test Environment/GroundAlbedo.png using Guid(102f4f34413724243953889e8a6bb8c7) Importer(2089858483,0ecaa5967403d082aa24f35e1b516d23) Generated GUIDs only implemented for interfaces!
 -> (artifact id: 'eae0a10d2b5408d6e360bbb7b9fd1fbc') in 0.077398 seconds
Number of updated asset objects reloaded before import = 0
Number of asset objects unloaded after import = 1
========================================================================
Received Import Request.
  Time since last request: 0.000132 seconds.
  path: Assets/Stylized Cute Alien Character/Alien/Materials/AlienHair 2.mat
  artifactKey: Guid(699eaf803819ec74a974118bdbd96cb4) Importer(2089858483,0ecaa5967403d082aa24f35e1b516d23)
Start importing Assets/Stylized Cute Alien Character/Alien/Materials/AlienHair 2.mat using Guid(699eaf803819ec74a974118bdbd96cb4) Importer(2089858483,0ecaa5967403d082aa24f35e1b516d23) Generated GUIDs only implemented for interfaces!
 -> (artifact id: '424317f74594a8cb7c18de90f8d83e11') in 0.032960 seconds
Number of updated asset objects reloaded before import = 0
Number of asset objects unloaded after import = 1
========================================================================
Received Import Request.
  Time since last request: 0.000046 seconds.
  path: Assets/Snowconesolid Assets/Awesome Space Guy Toon Pack/Materials/Mat_SpaceGuy_Green.mat
  artifactKey: Guid(a7456f452fad63c45ab2d0420c36f1ad) Importer(2089858483,0ecaa5967403d082aa24f35e1b516d23)
Start importing Assets/Snowconesolid Assets/Awesome Space Guy Toon Pack/Materials/Mat_SpaceGuy_Green.mat using Guid(a7456f452fad63c45ab2d0420c36f1ad) Importer(2089858483,0ecaa5967403d082aa24f35e1b516d23) Generated GUIDs only implemented for interfaces!
 -> (artifact id: 'd450f4a520d2bbd574a6a5cbfafe7459') in 0.064421 seconds
Number of updated asset objects reloaded before import = 0
Number of asset objects unloaded after import = 2
========================================================================
Received Import Request.
  Time since last request: 0.000049 seconds.
  path: Assets/Stylized Cute Alien Character/Settings/UniversalRenderPipelineAsset_Renderer.asset
  artifactKey: Guid(2b2b3e94feeaa264abaeb91f85369b14) Importer(2089858483,0ecaa5967403d082aa24f35e1b516d23)
Start importing Assets/Stylized Cute Alien Character/Settings/UniversalRenderPipelineAsset_Renderer.asset using Guid(2b2b3e94feeaa264abaeb91f85369b14) Importer(2089858483,0ecaa5967403d082aa24f35e1b516d23) Generated GUIDs only implemented for interfaces!
 -> (artifact id: 'e9691b5c3e71edd372c56cf0bec3ea79') in 0.064925 seconds
Number of updated asset objects reloaded before import = 0
Number of asset objects unloaded after import = 1
========================================================================
Received Import Request.
  Time since last request: 0.000068 seconds.
  path: Assets/Snowconesolid Assets/Awesome Space Guy Toon Pack/Space Guy PREFABS/SpaceGuy_Black_with_Helmet.prefab
  artifactKey: Guid(6c35c698d2542d24e99f447589239993) Importer(2089858483,0ecaa5967403d082aa24f35e1b516d23)
Start importing Assets/Snowconesolid Assets/Awesome Space Guy Toon Pack/Space Guy PREFABS/SpaceGuy_Black_with_Helmet.prefab using Guid(6c35c698d2542d24e99f447589239993) Importer(2089858483,0ecaa5967403d082aa24f35e1b516d23) Generated GUIDs only implemented for interfaces!
 -> (artifact id: '21a7f68050ece4565e3e7282deb6eee1') in 0.062269 seconds
Number of updated asset objects reloaded before import = 0
Number of asset objects unloaded after import = 806
========================================================================
Received Import Request.
  Time since last request: 0.000063 seconds.
  path: Assets/Stylized Cute Alien Character/Alien/Materials/AlienEyes.mat
  artifactKey: Guid(37bcee19e3fe7f74e93df8b19a6d3f4e) Importer(2089858483,0ecaa5967403d082aa24f35e1b516d23)
Start importing Assets/Stylized Cute Alien Character/Alien/Materials/AlienEyes.mat using Guid(37bcee19e3fe7f74e93df8b19a6d3f4e) Importer(2089858483,0ecaa5967403d082aa24f35e1b516d23) Generated GUIDs only implemented for interfaces!
 -> (artifact id: '8e3282b9ae4506c054a68ee7ea238907') in 0.040604 seconds
Number of updated asset objects reloaded before import = 0
Number of asset objects unloaded after import = 1
========================================================================
Received Import Request.
  Time since last request: 0.000050 seconds.
  path: Assets/Stylized Cute Alien Character/Test Environment/GroundNormal.png
  artifactKey: Guid(8d5809bb0f5a1504b88d231f09b308a5) Importer(2089858483,0ecaa5967403d082aa24f35e1b516d23)
Start importing Assets/Stylized Cute Alien Character/Test Environment/GroundNormal.png using Guid(8d5809bb0f5a1504b88d231f09b308a5) Importer(2089858483,0ecaa5967403d082aa24f35e1b516d23) Generated GUIDs only implemented for interfaces!
 -> (artifact id: '9f8c1e00a5cd26a959a220741de7ee14') in 0.067096 seconds
Number of updated asset objects reloaded before import = 0
Number of asset objects unloaded after import = 1
========================================================================
Received Import Request.
  Time since last request: 0.000033 seconds.
  path: Assets/Snowconesolid Assets/Awesome Space Guy Toon Pack/Materials/Mat_SpaceGuy_Pink.mat
  artifactKey: Guid(8605746cf06b86241a565f498d115a33) Importer(2089858483,0ecaa5967403d082aa24f35e1b516d23)
Start importing Assets/Snowconesolid Assets/Awesome Space Guy Toon Pack/Materials/Mat_SpaceGuy_Pink.mat using Guid(8605746cf06b86241a565f498d115a33) Importer(2089858483,0ecaa5967403d082aa24f35e1b516d23) Generated GUIDs only implemented for interfaces!
 -> (artifact id: 'e18607ed3103a8bbff3f4cff22396dd4') in 0.031524 seconds
Number of updated asset objects reloaded before import = 0
Number of asset objects unloaded after import = 2
========================================================================
Received Import Request.
  Time since last request: 0.000042 seconds.
  path: Assets/Snowconesolid Assets/Awesome Space Guy Toon Pack/Space Guy PREFABS/Separate_Helmet_Prefabs/Helm_Pink.prefab
  artifactKey: Guid(b8a5cadc952c68443a35ecbb1796a4fe) Importer(2089858483,0ecaa5967403d082aa24f35e1b516d23)
Start importing Assets/Snowconesolid Assets/Awesome Space Guy Toon Pack/Space Guy PREFABS/Separate_Helmet_Prefabs/Helm_Pink.prefab using Guid(b8a5cadc952c68443a35ecbb1796a4fe) Importer(2089858483,0ecaa5967403d082aa24f35e1b516d23) Generated GUIDs only implemented for interfaces!
 -> (artifact id: '1be641d527237d0770379f4e8f38e93d') in 0.040985 seconds
Number of updated asset objects reloaded before import = 0
Number of asset objects unloaded after import = 7
========================================================================
Received Import Request.
  Time since last request: 0.000054 seconds.
  path: Assets/Snowconesolid Assets/Awesome Space Guy Toon Pack/Materials/spaceSuit_Texture_Red.png
  artifactKey: Guid(86a8b841ae2dc2044b695991c1dfc1fd) Importer(2089858483,0ecaa5967403d082aa24f35e1b516d23)
Start importing Assets/Snowconesolid Assets/Awesome Space Guy Toon Pack/Materials/spaceSuit_Texture_Red.png using Guid(86a8b841ae2dc2044b695991c1dfc1fd) Importer(2089858483,0ecaa5967403d082aa24f35e1b516d23) Generated GUIDs only implemented for interfaces!
 -> (artifact id: '71de3a33f78bac3dc2f6c0349f4da9f7') in 0.055600 seconds
Number of updated asset objects reloaded before import = 0
Number of asset objects unloaded after import = 1
========================================================================
Received Import Request.
  Time since last request: 0.000024 seconds.
  path: Assets/Snowconesolid Assets/Awesome Space Guy Toon Pack/Materials/spaceSuit_Texture_Green.png
  artifactKey: Guid(e7e8b7c88cd67fb4e85f1dc646851e15) Importer(2089858483,0ecaa5967403d082aa24f35e1b516d23)
Start importing Assets/Snowconesolid Assets/Awesome Space Guy Toon Pack/Materials/spaceSuit_Texture_Green.png using Guid(e7e8b7c88cd67fb4e85f1dc646851e15) Importer(2089858483,0ecaa5967403d082aa24f35e1b516d23) Generated GUIDs only implemented for interfaces!
 -> (artifact id: '7fab58f1b2ef0d9372569185cd10fba1') in 0.048123 seconds
Number of updated asset objects reloaded before import = 0
Number of asset objects unloaded after import = 1
========================================================================
Received Import Request.
  Time since last request: 0.000024 seconds.
  path: Assets/Stylized Cute Alien Character/Settings/UniversalRenderPipelineAsset.asset
  artifactKey: Guid(85fc56c20d646144aaa29c3a53132116) Importer(2089858483,0ecaa5967403d082aa24f35e1b516d23)
Start importing Assets/Stylized Cute Alien Character/Settings/UniversalRenderPipelineAsset.asset using Guid(85fc56c20d646144aaa29c3a53132116) Importer(2089858483,0ecaa5967403d082aa24f35e1b516d23) Generated GUIDs only implemented for interfaces!
 -> (artifact id: '698a50894a45436dd33300f52284849e') in 0.026633 seconds
Number of updated asset objects reloaded before import = 0
Number of asset objects unloaded after import = 1
========================================================================
Received Import Request.
  Time since last request: 0.000048 seconds.
  path: Assets/Stylized Cute Alien Character/Alien/Materials/AlienBody 1.mat
  artifactKey: Guid(940f2585307c98e41a1b2788fbf979ff) Importer(2089858483,0ecaa5967403d082aa24f35e1b516d23)
Start importing Assets/Stylized Cute Alien Character/Alien/Materials/AlienBody 1.mat using Guid(940f2585307c98e41a1b2788fbf979ff) Importer(2089858483,0ecaa5967403d082aa24f35e1b516d23) Generated GUIDs only implemented for interfaces!
 -> (artifact id: '77b03348e4eac53949a27a8a6d0438dd') in 0.027003 seconds
Number of updated asset objects reloaded before import = 0
Number of asset objects unloaded after import = 1
========================================================================
Received Import Request.
  Time since last request: 0.000105 seconds.
  path: Assets/Snowconesolid Assets/Awesome Space Guy Toon Pack/Space Guy PREFABS/Separate_Helmet_Prefabs/Helm_Green.prefab
  artifactKey: Guid(db5e22095b173e841a5ecf6858c64f55) Importer(2089858483,0ecaa5967403d082aa24f35e1b516d23)
Start importing Assets/Snowconesolid Assets/Awesome Space Guy Toon Pack/Space Guy PREFABS/Separate_Helmet_Prefabs/Helm_Green.prefab using Guid(db5e22095b173e841a5ecf6858c64f55) Importer(2089858483,0ecaa5967403d082aa24f35e1b516d23) Generated GUIDs only implemented for interfaces!
 -> (artifact id: '0534b3e76c86e775d5cbdd30fc208e31') in 0.032164 seconds
Number of updated asset objects reloaded before import = 0
Number of asset objects unloaded after import = 7
========================================================================
Received Import Request.
  Time since last request: 0.000023 seconds.
  path: Assets/Stylized Cute Alien Character/Alien/Materials/AlienEyes 1.mat
  artifactKey: Guid(87b853e8bd2966346bf97ecbb3ceee90) Importer(2089858483,0ecaa5967403d082aa24f35e1b516d23)
Start importing Assets/Stylized Cute Alien Character/Alien/Materials/AlienEyes 1.mat using Guid(87b853e8bd2966346bf97ecbb3ceee90) Importer(2089858483,0ecaa5967403d082aa24f35e1b516d23) Generated GUIDs only implemented for interfaces!
 -> (artifact id: '2a0cbfeaa0df1aa76be29a0eaa839ba6') in 0.018278 seconds
Number of updated asset objects reloaded before import = 0
Number of asset objects unloaded after import = 1
========================================================================
Received Import Request.
  Time since last request: 0.000023 seconds.
  path: Assets/Stylized Cute Alien Character/Alien/Materials/AlienHair.mat
  artifactKey: Guid(acf13a759f2e5bd418c474cf364c83f8) Importer(2089858483,0ecaa5967403d082aa24f35e1b516d23)
Start importing Assets/Stylized Cute Alien Character/Alien/Materials/AlienHair.mat using Guid(acf13a759f2e5bd418c474cf364c83f8) Importer(2089858483,0ecaa5967403d082aa24f35e1b516d23) Generated GUIDs only implemented for interfaces!
 -> (artifact id: 'd4c0d941444e0783bba0bc5822276112') in 0.019946 seconds
Number of updated asset objects reloaded before import = 0
Number of asset objects unloaded after import = 1
========================================================================
Received Import Request.
  Time since last request: 0.000038 seconds.
  path: Assets/Snowconesolid Assets/Awesome Space Guy Toon Pack/Mesh/SpaceGuy_Helmet.fbx
  artifactKey: Guid(bdf3581f558cea341aa3bb950d859d87) Importer(2089858483,0ecaa5967403d082aa24f35e1b516d23)
Start importing Assets/Snowconesolid Assets/Awesome Space Guy Toon Pack/Mesh/SpaceGuy_Helmet.fbx using Guid(bdf3581f558cea341aa3bb950d859d87) Importer(2089858483,0ecaa5967403d082aa24f35e1b516d23) Generated GUIDs only implemented for interfaces!
 -> (artifact id: '111ddff935b538b6fc70e49941749ce8') in 0.053825 seconds
Number of updated asset objects reloaded before import = 0
Number of asset objects unloaded after import = 7
========================================================================
Received Import Request.
  Time since last request: 0.000024 seconds.
  path: Assets/Sprites/lip-sync-sprites.jpg
  artifactKey: Guid(1c4163e732090bb46a6303a33343a404) Importer(2089858483,0ecaa5967403d082aa24f35e1b516d23)
Start importing Assets/Sprites/lip-sync-sprites.jpg using Guid(1c4163e732090bb46a6303a33343a404) Importer(2089858483,0ecaa5967403d082aa24f35e1b516d23) Generated GUIDs only implemented for interfaces!
 -> (artifact id: '3a5776881dc0b226064aeced9cc55a33') in 0.040606 seconds
Number of updated asset objects reloaded before import = 0
Number of asset objects unloaded after import = 1
========================================================================
Received Import Request.
  Time since last request: 0.000039 seconds.
  path: Assets/Snowconesolid Assets/Awesome Space Guy Toon Pack/Space Guy PREFABS/SpaceGuy_Red_No_Helmet.prefab
  artifactKey: Guid(3e0b1b33d381dbb4ab6379e56378b22f) Importer(2089858483,0ecaa5967403d082aa24f35e1b516d23)
Start importing Assets/Snowconesolid Assets/Awesome Space Guy Toon Pack/Space Guy PREFABS/SpaceGuy_Red_No_Helmet.prefab using Guid(3e0b1b33d381dbb4ab6379e56378b22f) Importer(2089858483,0ecaa5967403d082aa24f35e1b516d23) Generated GUIDs only implemented for interfaces!
 -> (artifact id: '2b3acf4cba9373cdea64f933aac86909') in 0.032096 seconds
Number of updated asset objects reloaded before import = 0
Number of asset objects unloaded after import = 806
========================================================================
Received Import Request.
  Time since last request: 0.000038 seconds.
  path: Assets/Scenes/SampleScene.unity
  artifactKey: Guid(9fc0d4010bbf28b4594072e72b8655ab) Importer(2089858483,0ecaa5967403d082aa24f35e1b516d23)
Start importing Assets/Scenes/SampleScene.unity using Guid(9fc0d4010bbf28b4594072e72b8655ab) Importer(2089858483,0ecaa5967403d082aa24f35e1b516d23) Generated GUIDs only implemented for interfaces!
 -> (artifact id: 'c04dc89f25699fb8f670c02f575bb6b8') in 0.014460 seconds
Number of updated asset objects reloaded before import = 0
Number of asset objects unloaded after import = 1
========================================================================
Received Import Request.
  Time since last request: 0.000022 seconds.
  path: Assets/Snowconesolid Assets/Awesome Space Guy Toon Pack/AnimController_SpaceGuy.controller
  artifactKey: Guid(ec6804ff3a472b6439ea3eda31af6beb) Importer(2089858483,0ecaa5967403d082aa24f35e1b516d23)
Start importing Assets/Snowconesolid Assets/Awesome Space Guy Toon Pack/AnimController_SpaceGuy.controller using Guid(ec6804ff3a472b6439ea3eda31af6beb) Importer(2089858483,0ecaa5967403d082aa24f35e1b516d23) Generated GUIDs only implemented for interfaces!
 -> (artifact id: 'c74d53525b319a370312748182f0a4ab') in 0.019290 seconds
Number of updated asset objects reloaded before import = 0
Number of asset objects unloaded after import = 10
========================================================================
Received Import Request.
  Time since last request: 0.000031 seconds.
  path: Assets/Stylized Cute Alien Character/Alien/Materials/AlienBody 2.mat
  artifactKey: Guid(1f738798facc3f94a99deb3ec5666f89) Importer(2089858483,0ecaa5967403d082aa24f35e1b516d23)
Start importing Assets/Stylized Cute Alien Character/Alien/Materials/AlienBody 2.mat using Guid(1f738798facc3f94a99deb3ec5666f89) Importer(2089858483,0ecaa5967403d082aa24f35e1b516d23) Generated GUIDs only implemented for interfaces!
 -> (artifact id: '0ec7ff9c8bed05624c924f674430b3f3') in 0.018945 seconds
Number of updated asset objects reloaded before import = 0
Number of asset objects unloaded after import = 1
========================================================================
Received Import Request.
  Time since last request: 0.000036 seconds.
  path: Assets/Snowconesolid Assets/Awesome Space Guy Toon Pack/Space Guy PREFABS/SpaceGuy_Blue_No_Helmet.prefab
  artifactKey: Guid(2fd1587f6d117e947ba9074752d73306) Importer(2089858483,0ecaa5967403d082aa24f35e1b516d23)
Start importing Assets/Snowconesolid Assets/Awesome Space Guy Toon Pack/Space Guy PREFABS/SpaceGuy_Blue_No_Helmet.prefab using Guid(2fd1587f6d117e947ba9074752d73306) Importer(2089858483,0ecaa5967403d082aa24f35e1b516d23) Generated GUIDs only implemented for interfaces!
 -> (artifact id: '8e50379effcc7a8b3254ce55c6cf3998') in 0.039896 seconds
Number of updated asset objects reloaded before import = 0
Number of asset objects unloaded after import = 806
========================================================================
Received Import Request.
  Time since last request: 0.000065 seconds.
  path: Assets/Snowconesolid Assets/Awesome Space Guy Toon Pack/Materials/spaceSuit_Texture_Black.png
  artifactKey: Guid(8fa81bd40f8a7c046b98ee1e360398fc) Importer(2089858483,0ecaa5967403d082aa24f35e1b516d23)
Start importing Assets/Snowconesolid Assets/Awesome Space Guy Toon Pack/Materials/spaceSuit_Texture_Black.png using Guid(8fa81bd40f8a7c046b98ee1e360398fc) Importer(2089858483,0ecaa5967403d082aa24f35e1b516d23) Generated GUIDs only implemented for interfaces!
 -> (artifact id: '63b7b38a7aeae27909eb647e05482298') in 0.127120 seconds
Number of updated asset objects reloaded before import = 0
Number of asset objects unloaded after import = 1
========================================================================
Received Import Request.
  Time since last request: 0.000052 seconds.
  path: Assets/Snowconesolid Assets/Awesome Space Guy Toon Pack/Materials/spaceSuit_Texture_Blue.png
  artifactKey: Guid(52e6e7508db8d4e45bcab8feea9af29d) Importer(2089858483,0ecaa5967403d082aa24f35e1b516d23)
Start importing Assets/Snowconesolid Assets/Awesome Space Guy Toon Pack/Materials/spaceSuit_Texture_Blue.png using Guid(52e6e7508db8d4e45bcab8feea9af29d) Importer(2089858483,0ecaa5967403d082aa24f35e1b516d23) Generated GUIDs only implemented for interfaces!
 -> (artifact id: 'f25139ee539b7a4a2df0a9ccbbfce371') in 0.058559 seconds
Number of updated asset objects reloaded before import = 0
Number of asset objects unloaded after import = 1
========================================================================
Received Import Request.
  Time since last request: 0.000023 seconds.
  path: Assets/Snowconesolid Assets/Awesome Space Guy Toon Pack/Space Guy PREFABS/SpaceGuy_Black_No_Helmet.prefab
  artifactKey: Guid(54f804e4105177a46a85d88ab6635429) Importer(2089858483,0ecaa5967403d082aa24f35e1b516d23)
Start importing Assets/Snowconesolid Assets/Awesome Space Guy Toon Pack/Space Guy PREFABS/SpaceGuy_Black_No_Helmet.prefab using Guid(54f804e4105177a46a85d88ab6635429) Importer(2089858483,0ecaa5967403d082aa24f35e1b516d23) Generated GUIDs only implemented for interfaces!
 -> (artifact id: 'd3d09d9964cf7a9598b744b1310f4679') in 0.031071 seconds
Number of updated asset objects reloaded before import = 0
Number of asset objects unloaded after import = 806
========================================================================
Received Import Request.
  Time since last request: 0.000033 seconds.
  path: Assets/Snowconesolid Assets/Awesome Space Guy Toon Pack/Space Guy PREFABS/SpaceGuy_Pink_No_Helmet.prefab
  artifactKey: Guid(2e4a0580365906449af2837887f1eeee) Importer(2089858483,0ecaa5967403d082aa24f35e1b516d23)
Start importing Assets/Snowconesolid Assets/Awesome Space Guy Toon Pack/Space Guy PREFABS/SpaceGuy_Pink_No_Helmet.prefab using Guid(2e4a0580365906449af2837887f1eeee) Importer(2089858483,0ecaa5967403d082aa24f35e1b516d23) Generated GUIDs only implemented for interfaces!
 -> (artifact id: '27666710818413cb8409aa281d89d29c') in 0.029660 seconds
Number of updated asset objects reloaded before import = 0
Number of asset objects unloaded after import = 806
========================================================================
Received Import Request.
  Time since last request: 0.000033 seconds.
  path: Assets/Materiales/Piel alien verde.mat
  artifactKey: Guid(a53dd4d1770297a4daaad68cbc92a932) Importer(2089858483,0ecaa5967403d082aa24f35e1b516d23)
Start importing Assets/Materiales/Piel alien verde.mat using Guid(a53dd4d1770297a4daaad68cbc92a932) Importer(2089858483,0ecaa5967403d082aa24f35e1b516d23) Generated GUIDs only implemented for interfaces!
 -> (artifact id: 'a535fcb4136527d190f1fe9f02de0633') in 0.025412 seconds
Number of updated asset objects reloaded before import = 0
Number of asset objects unloaded after import = 1
========================================================================
Received Import Request.
  Time since last request: 0.000027 seconds.
  path: Assets/Stylized Cute Alien Character/Alien/Materials/AlienHair 1.mat
  artifactKey: Guid(84b65fd7f676bb1479f1dac7289eefd4) Importer(2089858483,0ecaa5967403d082aa24f35e1b516d23)
Start importing Assets/Stylized Cute Alien Character/Alien/Materials/AlienHair 1.mat using Guid(84b65fd7f676bb1479f1dac7289eefd4) Importer(2089858483,0ecaa5967403d082aa24f35e1b516d23) Generated GUIDs only implemented for interfaces!
 -> (artifact id: '8a406c703b6202c5cd6dfa6da3b6fabb') in 0.019902 seconds
Number of updated asset objects reloaded before import = 0
Number of asset objects unloaded after import = 1
========================================================================
Received Import Request.
  Time since last request: 0.000028 seconds.
  path: Assets/Stylized Cute Alien Character/Alien/Prefabs/CuteAlienRagdoll.prefab
  artifactKey: Guid(f954a48635f9fe141af24fc93c42de39) Importer(2089858483,0ecaa5967403d082aa24f35e1b516d23)
Start importing Assets/Stylized Cute Alien Character/Alien/Prefabs/CuteAlienRagdoll.prefab using Guid(f954a48635f9fe141af24fc93c42de39) Importer(2089858483,0ecaa5967403d082aa24f35e1b516d23) Generated GUIDs only implemented for interfaces!
 -> (artifact id: '4258206ce4f7bc528d34e701d2a2ee6d') in 0.033230 seconds
Number of updated asset objects reloaded before import = 0
Number of asset objects unloaded after import = 122
========================================================================
Received Import Request.
  Time since last request: 0.000041 seconds.
  path: Assets/Snowconesolid Assets/Awesome Space Guy Toon Pack/Space Guy PREFABS/Separate_Helmet_Prefabs/Helm_Red.prefab
  artifactKey: Guid(b9fbc340289ccce4c94ba929255378f3) Importer(2089858483,0ecaa5967403d082aa24f35e1b516d23)
Start importing Assets/Snowconesolid Assets/Awesome Space Guy Toon Pack/Space Guy PREFABS/Separate_Helmet_Prefabs/Helm_Red.prefab using Guid(b9fbc340289ccce4c94ba929255378f3) Importer(2089858483,0ecaa5967403d082aa24f35e1b516d23) Generated GUIDs only implemented for interfaces!
 -> (artifact id: '5d6c4ab9b25b77d9a0aa5e1c87d8dd4a') in 0.026339 seconds
Number of updated asset objects reloaded before import = 0
Number of asset objects unloaded after import = 7
========================================================================
Received Import Request.
  Time since last request: 0.000033 seconds.
  path: Assets/Snowconesolid Assets/Awesome Space Guy Toon Pack/Mesh/Materials/No Name.mat
  artifactKey: Guid(1b6c553ecc38e9648aa1bffda1079d1f) Importer(2089858483,0ecaa5967403d082aa24f35e1b516d23)
Start importing Assets/Snowconesolid Assets/Awesome Space Guy Toon Pack/Mesh/Materials/No Name.mat using Guid(1b6c553ecc38e9648aa1bffda1079d1f) Importer(2089858483,0ecaa5967403d082aa24f35e1b516d23) Generated GUIDs only implemented for interfaces!
 -> (artifact id: '17774398ada6b73200eed078a740d8ef') in 0.020810 seconds
Number of updated asset objects reloaded before import = 0
Number of asset objects unloaded after import = 1
========================================================================
Received Import Request.
  Time since last request: 0.000021 seconds.
  path: Assets/Stylized Cute Alien Character/ReadMe.txt
  artifactKey: Guid(d417649a6b8733c488da516424759f1d) Importer(2089858483,0ecaa5967403d082aa24f35e1b516d23)
Start importing Assets/Stylized Cute Alien Character/ReadMe.txt using Guid(d417649a6b8733c488da516424759f1d) Importer(2089858483,0ecaa5967403d082aa24f35e1b516d23) Generated GUIDs only implemented for interfaces!
 -> (artifact id: 'fd1c91513d2cd155fdebe512ec957184') in 0.020383 seconds
Number of updated asset objects reloaded before import = 0
Number of asset objects unloaded after import = 1
========================================================================
Received Import Request.
  Time since last request: 0.000029 seconds.
  path: Assets/Snowconesolid Assets/Awesome Space Guy Toon Pack/Space Guy PREFABS/SpaceGuy_Pink_With_Helmet.prefab
  artifactKey: Guid(b202f8dabee38a146b0e77fd792e0a6d) Importer(2089858483,0ecaa5967403d082aa24f35e1b516d23)
Start importing Assets/Snowconesolid Assets/Awesome Space Guy Toon Pack/Space Guy PREFABS/SpaceGuy_Pink_With_Helmet.prefab using Guid(b202f8dabee38a146b0e77fd792e0a6d) Importer(2089858483,0ecaa5967403d082aa24f35e1b516d23) Generated GUIDs only implemented for interfaces!
 -> (artifact id: 'de2f8ceedb03fbd8eaa00f564a79aef8') in 0.032733 seconds
Number of updated asset objects reloaded before import = 0
Number of asset objects unloaded after import = 806
========================================================================
Received Import Request.
  Time since last request: 0.000036 seconds.
  path: Assets/Snowconesolid Assets/Awesome Space Guy Toon Pack/Snowconesolid Assets ReadMe.txt
  artifactKey: Guid(daf74895e124f5441ac9de1db5e96518) Importer(2089858483,0ecaa5967403d082aa24f35e1b516d23)
Start importing Assets/Snowconesolid Assets/Awesome Space Guy Toon Pack/Snowconesolid Assets ReadMe.txt using Guid(daf74895e124f5441ac9de1db5e96518) Importer(2089858483,0ecaa5967403d082aa24f35e1b516d23) Generated GUIDs only implemented for interfaces!
 -> (artifact id: '3b2950f7db51f0094d863f933b96c1d7') in 0.018374 seconds
Number of updated asset objects reloaded before import = 0
Number of asset objects unloaded after import = 1
========================================================================
Received Import Request.
  Time since last request: 0.000022 seconds.
  path: Assets/Sprites/sprites-emociones.jpg
  artifactKey: Guid(1b040366b4918ce46b2b5ad6576f9247) Importer(2089858483,0ecaa5967403d082aa24f35e1b516d23)
Start importing Assets/Sprites/sprites-emociones.jpg using Guid(1b040366b4918ce46b2b5ad6576f9247) Importer(2089858483,0ecaa5967403d082aa24f35e1b516d23) Generated GUIDs only implemented for interfaces!
 -> (artifact id: '4caf6741ec1eecc5866ccb1bbf8c63f3') in 0.041266 seconds
Number of updated asset objects reloaded before import = 0
Number of asset objects unloaded after import = 1
========================================================================
Received Import Request.
  Time since last request: 0.000027 seconds.
  path: Assets/Snowconesolid Assets/Awesome Space Guy Toon Pack/Materials/Mat_SpaceGuy_Blue.mat
  artifactKey: Guid(e650be1da3138494597f8f976663818a) Importer(2089858483,0ecaa5967403d082aa24f35e1b516d23)
Start importing Assets/Snowconesolid Assets/Awesome Space Guy Toon Pack/Materials/Mat_SpaceGuy_Blue.mat using Guid(e650be1da3138494597f8f976663818a) Importer(2089858483,0ecaa5967403d082aa24f35e1b516d23) Generated GUIDs only implemented for interfaces!
 -> (artifact id: '9431a7a2125240b9d666844d6fad0906') in 0.018751 seconds
Number of updated asset objects reloaded before import = 0
Number of asset objects unloaded after import = 2
========================================================================
Received Import Request.
  Time since last request: 0.000019 seconds.
  path: Assets/Stylized Cute Alien Character/Alien/Materials/AlienEyes 2.mat
  artifactKey: Guid(6abb977c86ae12040a468552c39cc25a) Importer(2089858483,0ecaa5967403d082aa24f35e1b516d23)
Start importing Assets/Stylized Cute Alien Character/Alien/Materials/AlienEyes 2.mat using Guid(6abb977c86ae12040a468552c39cc25a) Importer(2089858483,0ecaa5967403d082aa24f35e1b516d23) Generated GUIDs only implemented for interfaces!
 -> (artifact id: '5216aecaa910f61224db4bcc750d881b') in 0.019951 seconds
Number of updated asset objects reloaded before import = 0
Number of asset objects unloaded after import = 1
========================================================================
Received Import Request.
  Time since last request: 0.000037 seconds.
  path: Assets/Snowconesolid Assets/Awesome Space Guy Toon Pack/Materials/spaceSuit_Texture_Pink.png
  artifactKey: Guid(3ebf9a076a1f6d2459e43c11a71fb8cc) Importer(2089858483,0ecaa5967403d082aa24f35e1b516d23)
Start importing Assets/Snowconesolid Assets/Awesome Space Guy Toon Pack/Materials/spaceSuit_Texture_Pink.png using Guid(3ebf9a076a1f6d2459e43c11a71fb8cc) Importer(2089858483,0ecaa5967403d082aa24f35e1b516d23) Generated GUIDs only implemented for interfaces!
 -> (artifact id: '919030b9f1b37ecaffbec225a66ee149') in 0.051770 seconds
Number of updated asset objects reloaded before import = 0
Number of asset objects unloaded after import = 1
========================================================================
Received Import Request.
  Time since last request: 0.000039 seconds.
  path: Assets/Stylized Cute Alien Character/Alien/Materials/AlienBody.mat
  artifactKey: Guid(ddae6a8d7d2382649a841b2ecb931a4f) Importer(2089858483,0ecaa5967403d082aa24f35e1b516d23)
Start importing Assets/Stylized Cute Alien Character/Alien/Materials/AlienBody.mat using Guid(ddae6a8d7d2382649a841b2ecb931a4f) Importer(2089858483,0ecaa5967403d082aa24f35e1b516d23) Generated GUIDs only implemented for interfaces!
 -> (artifact id: 'ea02b7ad073cb6a9e9a49d8867bd0872') in 0.020048 seconds
Number of updated asset objects reloaded before import = 0
Number of asset objects unloaded after import = 1
========================================================================
Received Import Request.
  Time since last request: 0.000093 seconds.
  path: Assets/Stylized Cute Alien Character/Alien/Textures/AlienNormal.png
  artifactKey: Guid(65dca06699db1674183adcb7bdbddea9) Importer(2089858483,0ecaa5967403d082aa24f35e1b516d23)
Start importing Assets/Stylized Cute Alien Character/Alien/Textures/AlienNormal.png using Guid(65dca06699db1674183adcb7bdbddea9) Importer(2089858483,0ecaa5967403d082aa24f35e1b516d23) Generated GUIDs only implemented for interfaces!
 -> (artifact id: '0b8b15f4f4901fcd8a9aa2bbfd6c4c04') in 0.050883 seconds
Number of updated asset objects reloaded before import = 0
Number of asset objects unloaded after import = 1
========================================================================
Received Import Request.
  Time since last request: 44.683385 seconds.
  path: Assets/Imagenes
  artifactKey: Guid(abd8b11bf1d9412489f64d735771ce3b) Importer(815301076,1909f56bfc062723c751e8b465ee728b)
Start importing Assets/Imagenes using Guid(abd8b11bf1d9412489f64d735771ce3b) Importer(815301076,1909f56bfc062723c751e8b465ee728b)  -> (artifact id: 'b1d1b321254c7e9d7eb8c307ec9c9fe0') in 0.000874 seconds
Number of updated asset objects reloaded before import = 0
Number of asset objects unloaded after import = 0
========================================================================
Received Import Request.
  Time since last request: 306.826541 seconds.
  path: Assets/Sprites/lip-sync-sprites.jpg
  artifactKey: Guid(1c4163e732090bb46a6303a33343a404) Importer(815301076,1909f56bfc062723c751e8b465ee728b)
Start importing Assets/Sprites/lip-sync-sprites.jpg using Guid(1c4163e732090bb46a6303a33343a404) Importer(815301076,1909f56bfc062723c751e8b465ee728b)  -> (artifact id: '5639c8c9bce0dff432bdec0a5c0242f2') in 0.069228 seconds
Number of updated asset objects reloaded before import = 0
Number of asset objects unloaded after import = 3
========================================================================
Received Import Request.
  Time since last request: 0.801801 seconds.
  path: Assets/Sprites/lip-sync-sprites.jpg
  artifactKey: Guid(1c4163e732090bb46a6303a33343a404) Importer(2089858483,0ecaa5967403d082aa24f35e1b516d23)
Start importing Assets/Sprites/lip-sync-sprites.jpg using Guid(1c4163e732090bb46a6303a33343a404) Importer(2089858483,0ecaa5967403d082aa24f35e1b516d23) Generated GUIDs only implemented for interfaces!
 -> (artifact id: '79dc81b9f25ab5cc39ce041a4f93dba5') in 0.074037 seconds
Number of updated asset objects reloaded before import = 0
Number of asset objects unloaded after import = 3
========================================================================
Received Import Request.
  Time since last request: 45.452519 seconds.
  path: Assets/Sprites/lip-sync-sprites.jpg
  artifactKey: Guid(1c4163e732090bb46a6303a33343a404) Importer(815301076,1909f56bfc062723c751e8b465ee728b)
Start importing Assets/Sprites/lip-sync-sprites.jpg using Guid(1c4163e732090bb46a6303a33343a404) Importer(815301076,1909f56bfc062723c751e8b465ee728b)  -> (artifact id: '516f2feda806058d4eb538163bbfbbbf') in 0.028719 seconds
Number of updated asset objects reloaded before import = 0
Number of asset objects unloaded after import = 3
========================================================================
Received Import Request.
  Time since last request: 0.886282 seconds.
  path: Assets/Sprites/lip-sync-sprites.jpg
  artifactKey: Guid(1c4163e732090bb46a6303a33343a404) Importer(2089858483,0ecaa5967403d082aa24f35e1b516d23)
Start importing Assets/Sprites/lip-sync-sprites.jpg using Guid(1c4163e732090bb46a6303a33343a404) Importer(2089858483,0ecaa5967403d082aa24f35e1b516d23) Generated GUIDs only implemented for interfaces!
 -> (artifact id: 'c22cf6f2f2efd04d925b32889ba2fe63') in 0.060322 seconds
Number of updated asset objects reloaded before import = 0
Number of asset objects unloaded after import = 3
========================================================================
Received Import Request.
  Time since last request: 5.728890 seconds.
  path: Assets/Sprites/lip-sync-sprites.jpg
  artifactKey: Guid(1c4163e732090bb46a6303a33343a404) Importer(815301076,1909f56bfc062723c751e8b465ee728b)
Start importing Assets/Sprites/lip-sync-sprites.jpg using Guid(1c4163e732090bb46a6303a33343a404) Importer(815301076,1909f56bfc062723c751e8b465ee728b)  -> (artifact id: 'f8305f04c89c93065013b98d4ec758be') in 0.030871 seconds
Number of updated asset objects reloaded before import = 0
Number of asset objects unloaded after import = 3
========================================================================
Received Import Request.
  Time since last request: 0.888993 seconds.
  path: Assets/Sprites/lip-sync-sprites.jpg
  artifactKey: Guid(1c4163e732090bb46a6303a33343a404) Importer(2089858483,0ecaa5967403d082aa24f35e1b516d23)
Start importing Assets/Sprites/lip-sync-sprites.jpg using Guid(1c4163e732090bb46a6303a33343a404) Importer(2089858483,0ecaa5967403d082aa24f35e1b516d23) Generated GUIDs only implemented for interfaces!
 -> (artifact id: '92d8a4758f460b7432d0f9aa570dfd20') in 0.036891 seconds
Number of updated asset objects reloaded before import = 0
Number of asset objects unloaded after import = 3
========================================================================
Received Import Request.
  Time since last request: 81.689378 seconds.
  path: Assets/Sprites/lip-sync-sprites.jpg
  artifactKey: Guid(1c4163e732090bb46a6303a33343a404) Importer(815301076,1909f56bfc062723c751e8b465ee728b)
Start importing Assets/Sprites/lip-sync-sprites.jpg using Guid(1c4163e732090bb46a6303a33343a404) Importer(815301076,1909f56bfc062723c751e8b465ee728b)  -> (artifact id: '40b2601631bd0ca82f30437e475bf447') in 0.025854 seconds
Number of updated asset objects reloaded before import = 0
Number of asset objects unloaded after import = 3
========================================================================
Received Import Request.
  Time since last request: 0.911033 seconds.
  path: Assets/Sprites/lip-sync-sprites.jpg
  artifactKey: Guid(1c4163e732090bb46a6303a33343a404) Importer(2089858483,0ecaa5967403d082aa24f35e1b516d23)
Start importing Assets/Sprites/lip-sync-sprites.jpg using Guid(1c4163e732090bb46a6303a33343a404) Importer(2089858483,0ecaa5967403d082aa24f35e1b516d23) Generated GUIDs only implemented for interfaces!
 -> (artifact id: '757515f69d1a86b7327a5c4c25312204') in 0.077149 seconds
Number of updated asset objects reloaded before import = 0
Number of asset objects unloaded after import = 3
========================================================================
Received Import Request.
  Time since last request: 100.737948 seconds.
  path: Assets/Sprites/lip-sync-sprites.jpg
  artifactKey: Guid(1c4163e732090bb46a6303a33343a404) Importer(815301076,1909f56bfc062723c751e8b465ee728b)
Start importing Assets/Sprites/lip-sync-sprites.jpg using Guid(1c4163e732090bb46a6303a33343a404) Importer(815301076,1909f56bfc062723c751e8b465ee728b)  -> (artifact id: '249bf8c5b5726d1ac73b6e02a44b1e43') in 0.029573 seconds
Number of updated asset objects reloaded before import = 0
Number of asset objects unloaded after import = 3
========================================================================
Received Import Request.
  Time since last request: 0.893791 seconds.
  path: Assets/Sprites/lip-sync-sprites.jpg
  artifactKey: Guid(1c4163e732090bb46a6303a33343a404) Importer(2089858483,0ecaa5967403d082aa24f35e1b516d23)
Start importing Assets/Sprites/lip-sync-sprites.jpg using Guid(1c4163e732090bb46a6303a33343a404) Importer(2089858483,0ecaa5967403d082aa24f35e1b516d23) Generated GUIDs only implemented for interfaces!
 -> (artifact id: '5a502867fa2e9eba309b45f03e0ab4b4') in 0.056839 seconds
Number of updated asset objects reloaded before import = 0
Number of asset objects unloaded after import = 3
========================================================================
Received Import Request.
  Time since last request: 73.365416 seconds.
  path: Assets/Sprites/lip-sync-sprites.jpg
  artifactKey: Guid(1c4163e732090bb46a6303a33343a404) Importer(815301076,1909f56bfc062723c751e8b465ee728b)
Start importing Assets/Sprites/lip-sync-sprites.jpg using Guid(1c4163e732090bb46a6303a33343a404) Importer(815301076,1909f56bfc062723c751e8b465ee728b)  -> (artifact id: 'c93d941413179648a6c3a691c288e3e3') in 0.028315 seconds
Number of updated asset objects reloaded before import = 0
Number of asset objects unloaded after import = 3
========================================================================
Received Import Request.
  Time since last request: 0.907485 seconds.
  path: Assets/Sprites/lip-sync-sprites.jpg
  artifactKey: Guid(1c4163e732090bb46a6303a33343a404) Importer(2089858483,0ecaa5967403d082aa24f35e1b516d23)
Start importing Assets/Sprites/lip-sync-sprites.jpg using Guid(1c4163e732090bb46a6303a33343a404) Importer(2089858483,0ecaa5967403d082aa24f35e1b516d23) Generated GUIDs only implemented for interfaces!
 -> (artifact id: 'a40cd21264733f2c5283d8a094b18038') in 0.070894 seconds
Number of updated asset objects reloaded before import = 0
Number of asset objects unloaded after import = 3
========================================================================
Received Import Request.
  Time since last request: 51.675389 seconds.
  path: Assets/Sprites/lip-sync-sprites.jpg
  artifactKey: Guid(1c4163e732090bb46a6303a33343a404) Importer(815301076,1909f56bfc062723c751e8b465ee728b)
Start importing Assets/Sprites/lip-sync-sprites.jpg using Guid(1c4163e732090bb46a6303a33343a404) Importer(815301076,1909f56bfc062723c751e8b465ee728b)  -> (artifact id: '9d86a5fa613de69c6542857e12d2f598') in 0.027513 seconds
Number of updated asset objects reloaded before import = 0
Number of asset objects unloaded after import = 3
========================================================================
Received Import Request.
  Time since last request: 0.898992 seconds.
  path: Assets/Sprites/lip-sync-sprites.jpg
  artifactKey: Guid(1c4163e732090bb46a6303a33343a404) Importer(2089858483,0ecaa5967403d082aa24f35e1b516d23)
Start importing Assets/Sprites/lip-sync-sprites.jpg using Guid(1c4163e732090bb46a6303a33343a404) Importer(2089858483,0ecaa5967403d082aa24f35e1b516d23) Generated GUIDs only implemented for interfaces!
 -> (artifact id: '6ad9f1ca9efc896f1d0344f9e41fa406') in 0.080312 seconds
Number of updated asset objects reloaded before import = 0
Number of asset objects unloaded after import = 3
========================================================================
Received Import Request.
  Time since last request: 31.039395 seconds.
  path: Assets/Sprites/lip-sync-sprites.jpg
  artifactKey: Guid(1c4163e732090bb46a6303a33343a404) Importer(815301076,1909f56bfc062723c751e8b465ee728b)
Start importing Assets/Sprites/lip-sync-sprites.jpg using Guid(1c4163e732090bb46a6303a33343a404) Importer(815301076,1909f56bfc062723c751e8b465ee728b)  -> (artifact id: '34baa2bee6fd9dba062841f12f44fffb') in 0.036120 seconds
Number of updated asset objects reloaded before import = 0
Number of asset objects unloaded after import = 3
========================================================================
Received Import Request.
  Time since last request: 0.891735 seconds.
  path: Assets/Sprites/lip-sync-sprites.jpg
  artifactKey: Guid(1c4163e732090bb46a6303a33343a404) Importer(2089858483,0ecaa5967403d082aa24f35e1b516d23)
Start importing Assets/Sprites/lip-sync-sprites.jpg using Guid(1c4163e732090bb46a6303a33343a404) Importer(2089858483,0ecaa5967403d082aa24f35e1b516d23) Generated GUIDs only implemented for interfaces!
 -> (artifact id: '2d47a733e54c8a50e6b43fbd93a2e183') in 0.084476 seconds
Number of updated asset objects reloaded before import = 0
Number of asset objects unloaded after import = 3
========================================================================
Received Import Request.
  Time since last request: 17.593292 seconds.
  path: Assets/Sprites/lip-sync-sprites.jpg
  artifactKey: Guid(1c4163e732090bb46a6303a33343a404) Importer(815301076,1909f56bfc062723c751e8b465ee728b)
Start importing Assets/Sprites/lip-sync-sprites.jpg using Guid(1c4163e732090bb46a6303a33343a404) Importer(815301076,1909f56bfc062723c751e8b465ee728b)  -> (artifact id: 'cc138ed67cdaa40a7c4efb893f6c3a15') in 0.026526 seconds
Number of updated asset objects reloaded before import = 0
Number of asset objects unloaded after import = 3
========================================================================
Received Import Request.
  Time since last request: 0.906384 seconds.
  path: Assets/Sprites/lip-sync-sprites.jpg
  artifactKey: Guid(1c4163e732090bb46a6303a33343a404) Importer(2089858483,0ecaa5967403d082aa24f35e1b516d23)
Start importing Assets/Sprites/lip-sync-sprites.jpg using Guid(1c4163e732090bb46a6303a33343a404) Importer(2089858483,0ecaa5967403d082aa24f35e1b516d23) Generated GUIDs only implemented for interfaces!
 -> (artifact id: 'a0936cdf92a3df54031e79eb48bde29f') in 0.081873 seconds
Number of updated asset objects reloaded before import = 0
Number of asset objects unloaded after import = 3
========================================================================
Received Import Request.
  Time since last request: 80.574875 seconds.
  path: Assets/Sprites/lip-sync-sprites.jpg
  artifactKey: Guid(1c4163e732090bb46a6303a33343a404) Importer(815301076,1909f56bfc062723c751e8b465ee728b)
Start importing Assets/Sprites/lip-sync-sprites.jpg using Guid(1c4163e732090bb46a6303a33343a404) Importer(815301076,1909f56bfc062723c751e8b465ee728b)  -> (artifact id: '9ba19ea1fae181cca8e78a51ab74c62a') in 0.033306 seconds
Number of updated asset objects reloaded before import = 0
Number of asset objects unloaded after import = 3
========================================================================
Received Import Request.
  Time since last request: 0.916929 seconds.
  path: Assets/Sprites/lip-sync-sprites.jpg
  artifactKey: Guid(1c4163e732090bb46a6303a33343a404) Importer(2089858483,0ecaa5967403d082aa24f35e1b516d23)
Start importing Assets/Sprites/lip-sync-sprites.jpg using Guid(1c4163e732090bb46a6303a33343a404) Importer(2089858483,0ecaa5967403d082aa24f35e1b516d23) Generated GUIDs only implemented for interfaces!
 -> (artifact id: '1213c6ca8425379ade20fddcc4931bbc') in 0.063777 seconds
Number of updated asset objects reloaded before import = 0
Number of asset objects unloaded after import = 3
========================================================================
Received Import Request.
  Time since last request: 89.233189 seconds.
  path: Assets/Sprites/lip-sync-sprites.jpg
  artifactKey: Guid(1c4163e732090bb46a6303a33343a404) Importer(815301076,1909f56bfc062723c751e8b465ee728b)
Start importing Assets/Sprites/lip-sync-sprites.jpg using Guid(1c4163e732090bb46a6303a33343a404) Importer(815301076,1909f56bfc062723c751e8b465ee728b)  -> (artifact id: 'b46e921aa54cd94c57c40d1fea069579') in 0.028539 seconds
Number of updated asset objects reloaded before import = 0
Number of asset objects unloaded after import = 3
========================================================================
Received Import Request.
  Time since last request: 0.912313 seconds.
  path: Assets/Sprites/lip-sync-sprites.jpg
  artifactKey: Guid(1c4163e732090bb46a6303a33343a404) Importer(2089858483,0ecaa5967403d082aa24f35e1b516d23)
Start importing Assets/Sprites/lip-sync-sprites.jpg using Guid(1c4163e732090bb46a6303a33343a404) Importer(2089858483,0ecaa5967403d082aa24f35e1b516d23) Generated GUIDs only implemented for interfaces!
 -> (artifact id: '5b17f4c52036ae325dd44547c0c8f064') in 0.084606 seconds
Number of updated asset objects reloaded before import = 0
Number of asset objects unloaded after import = 3
========================================================================
Received Import Request.
  Time since last request: 27.377087 seconds.
  path: Assets/Sprites/lip-sync-sprites.jpg
  artifactKey: Guid(1c4163e732090bb46a6303a33343a404) Importer(815301076,1909f56bfc062723c751e8b465ee728b)
Start importing Assets/Sprites/lip-sync-sprites.jpg using Guid(1c4163e732090bb46a6303a33343a404) Importer(815301076,1909f56bfc062723c751e8b465ee728b)  -> (artifact id: '888ea61ad3b83f089c91fc01560f6795') in 0.028570 seconds
Number of updated asset objects reloaded before import = 0
Number of asset objects unloaded after import = 3
========================================================================
Received Import Request.
  Time since last request: 2.307525 seconds.
  path: Assets/Sprites/lip-sync-sprites.jpg
  artifactKey: Guid(1c4163e732090bb46a6303a33343a404) Importer(2089858483,0ecaa5967403d082aa24f35e1b516d23)
Start importing Assets/Sprites/lip-sync-sprites.jpg using Guid(1c4163e732090bb46a6303a33343a404) Importer(2089858483,0ecaa5967403d082aa24f35e1b516d23) Generated GUIDs only implemented for interfaces!
 -> (artifact id: '51252b4459d3dcc00d95cb78e541b0f9') in 0.050920 seconds
Number of updated asset objects reloaded before import = 0
Number of asset objects unloaded after import = 3
========================================================================
Received Import Request.
  Time since last request: 42.652506 seconds.
  path: Assets/Sprites/lip-sync-sprites.jpg
  artifactKey: Guid(1c4163e732090bb46a6303a33343a404) Importer(815301076,1909f56bfc062723c751e8b465ee728b)
Start importing Assets/Sprites/lip-sync-sprites.jpg using Guid(1c4163e732090bb46a6303a33343a404) Importer(815301076,1909f56bfc062723c751e8b465ee728b)  -> (artifact id: '6a0fa9763253377fe6192c0e23a72c03') in 0.027725 seconds
Number of updated asset objects reloaded before import = 0
Number of asset objects unloaded after import = 3
========================================================================
Received Import Request.
  Time since last request: 0.888976 seconds.
  path: Assets/Sprites/lip-sync-sprites.jpg
  artifactKey: Guid(1c4163e732090bb46a6303a33343a404) Importer(2089858483,0ecaa5967403d082aa24f35e1b516d23)
Start importing Assets/Sprites/lip-sync-sprites.jpg using Guid(1c4163e732090bb46a6303a33343a404) Importer(2089858483,0ecaa5967403d082aa24f35e1b516d23) Generated GUIDs only implemented for interfaces!
 -> (artifact id: '4a9aba22536faa3008f46851dddb22c9') in 0.077816 seconds
Number of updated asset objects reloaded before import = 0
Number of asset objects unloaded after import = 3
========================================================================
Received Import Request.
  Time since last request: 26.650654 seconds.
  path: Assets/Sprites/lip-sync-sprites.jpg
  artifactKey: Guid(1c4163e732090bb46a6303a33343a404) Importer(815301076,1909f56bfc062723c751e8b465ee728b)
Start importing Assets/Sprites/lip-sync-sprites.jpg using Guid(1c4163e732090bb46a6303a33343a404) Importer(815301076,1909f56bfc062723c751e8b465ee728b)  -> (artifact id: '62e80cc9101263160dd8b6f08ec6efcb') in 0.031402 seconds
Number of updated asset objects reloaded before import = 0
Number of asset objects unloaded after import = 3
========================================================================
Received Import Request.
  Time since last request: 0.885360 seconds.
  path: Assets/Sprites/lip-sync-sprites.jpg
  artifactKey: Guid(1c4163e732090bb46a6303a33343a404) Importer(2089858483,0ecaa5967403d082aa24f35e1b516d23)
Start importing Assets/Sprites/lip-sync-sprites.jpg using Guid(1c4163e732090bb46a6303a33343a404) Importer(2089858483,0ecaa5967403d082aa24f35e1b516d23) Generated GUIDs only implemented for interfaces!
 -> (artifact id: '8f01415645bab44c1699a06924c7bc55') in 0.052591 seconds
Number of updated asset objects reloaded before import = 0
Number of asset objects unloaded after import = 3
========================================================================
Received Import Request.
  Time since last request: 108.273901 seconds.
  path: Assets/Sprites/lip-sync-sprites.jpg
  artifactKey: Guid(1c4163e732090bb46a6303a33343a404) Importer(815301076,1909f56bfc062723c751e8b465ee728b)
Start importing Assets/Sprites/lip-sync-sprites.jpg using Guid(1c4163e732090bb46a6303a33343a404) Importer(815301076,1909f56bfc062723c751e8b465ee728b)  -> (artifact id: '014fefc9ba1698da9f8d61776691bd54') in 0.026329 seconds
Number of updated asset objects reloaded before import = 0
Number of asset objects unloaded after import = 3
========================================================================
Received Import Request.
  Time since last request: 0.909543 seconds.
  path: Assets/Sprites/lip-sync-sprites.jpg
  artifactKey: Guid(1c4163e732090bb46a6303a33343a404) Importer(2089858483,0ecaa5967403d082aa24f35e1b516d23)
Start importing Assets/Sprites/lip-sync-sprites.jpg using Guid(1c4163e732090bb46a6303a33343a404) Importer(2089858483,0ecaa5967403d082aa24f35e1b516d23) Generated GUIDs only implemented for interfaces!
 -> (artifact id: '1d313f25b71b96f953c0b9ea7e23cd8c') in 0.069522 seconds
Number of updated asset objects reloaded before import = 0
Number of asset objects unloaded after import = 3
========================================================================
Received Import Request.
  Time since last request: 111.107711 seconds.
  path: Assets/Sprites/sprites-emociones.jpg
  artifactKey: Guid(1b040366b4918ce46b2b5ad6576f9247) Importer(815301076,1909f56bfc062723c751e8b465ee728b)
Start importing Assets/Sprites/sprites-emociones.jpg using Guid(1b040366b4918ce46b2b5ad6576f9247) Importer(815301076,1909f56bfc062723c751e8b465ee728b)  -> (artifact id: '458bdffa603d78de82c2f88d40af8289') in 0.040183 seconds
Number of updated asset objects reloaded before import = 0
Number of asset objects unloaded after import = 3
========================================================================
Received Import Request.
  Time since last request: 0.905771 seconds.
  path: Assets/Sprites/sprites-emociones.jpg
  artifactKey: Guid(1b040366b4918ce46b2b5ad6576f9247) Importer(2089858483,0ecaa5967403d082aa24f35e1b516d23)
Start importing Assets/Sprites/sprites-emociones.jpg using Guid(1b040366b4918ce46b2b5ad6576f9247) Importer(2089858483,0ecaa5967403d082aa24f35e1b516d23) Generated GUIDs only implemented for interfaces!
 -> (artifact id: '89f5596bc549ffa86efe6927df4a965c') in 0.037969 seconds
Number of updated asset objects reloaded before import = 0
Number of asset objects unloaded after import = 3
========================================================================
Received Import Request.
  Time since last request: 41.377405 seconds.
  path: Assets/Sprites/sprites-emociones.jpg
  artifactKey: Guid(1b040366b4918ce46b2b5ad6576f9247) Importer(815301076,1909f56bfc062723c751e8b465ee728b)
Start importing Assets/Sprites/sprites-emociones.jpg using Guid(1b040366b4918ce46b2b5ad6576f9247) Importer(815301076,1909f56bfc062723c751e8b465ee728b)  -> (artifact id: '58fa879f373c4f01c2984d3f95e0ac71') in 0.029188 seconds
Number of updated asset objects reloaded before import = 0
Number of asset objects unloaded after import = 3
========================================================================
Received Import Request.
  Time since last request: 0.901133 seconds.
  path: Assets/Sprites/sprites-emociones.jpg
  artifactKey: Guid(1b040366b4918ce46b2b5ad6576f9247) Importer(2089858483,0ecaa5967403d082aa24f35e1b516d23)
Start importing Assets/Sprites/sprites-emociones.jpg using Guid(1b040366b4918ce46b2b5ad6576f9247) Importer(2089858483,0ecaa5967403d082aa24f35e1b516d23) Generated GUIDs only implemented for interfaces!
 -> (artifact id: '5ffe30cc8f0fab0f72297785d605ec27') in 0.073490 seconds
Number of updated asset objects reloaded before import = 0
Number of asset objects unloaded after import = 3
========================================================================
Received Import Request.
  Time since last request: 196.046075 seconds.
  path: Assets/Sprites/9Sliced.png
  artifactKey: Guid(e676d121c7325b743b3362ac87d80cb0) Importer(815301076,1909f56bfc062723c751e8b465ee728b)
Start importing Assets/Sprites/9Sliced.png using Guid(e676d121c7325b743b3362ac87d80cb0) Importer(815301076,1909f56bfc062723c751e8b465ee728b)  -> (artifact id: '13a6d357c38c4760a8af0125760c554c') in 0.038035 seconds
Number of updated asset objects reloaded before import = 0
Number of asset objects unloaded after import = 3
========================================================================
Received Import Request.
  Time since last request: 0.939641 seconds.
  path: Assets/Sprites/9Sliced.png
  artifactKey: Guid(e676d121c7325b743b3362ac87d80cb0) Importer(2089858483,0ecaa5967403d082aa24f35e1b516d23)
Start importing Assets/Sprites/9Sliced.png using Guid(e676d121c7325b743b3362ac87d80cb0) Importer(2089858483,0ecaa5967403d082aa24f35e1b516d23) Generated GUIDs only implemented for interfaces!
 -> (artifact id: 'f9cd3b55ff249b963b24b3ffa98de27c') in 0.051115 seconds
Number of updated asset objects reloaded before import = 0
Number of asset objects unloaded after import = 3
