Using pre-set license
Built from '2022.3/staging' branch; Version is '2022.3.19f1 (244b723c30a6) revision 2378610'; Using compiler version '192829333'; Build Type 'Release'
OS: 'Windows 10  (10.0.19045) 64bit Professional' Language: 'es' Physical Memory: 8002 MB
BatchMode: 1, IsHumanControllingUs: 0, StartBugReporterOnCrash: 0, Is64bit: 1, IsPro: 1

COMMAND LINE ARGUMENTS:
C:\Program Files\Unity\Hub\Editor\2022.3.19f1\Editor\Unity.exe
-adb2
-batchMode
-noUpm
-name
AssetImportWorker1
-projectPath
C:/Users/Usuario/Desktop/PartyUniverse
-logFile
Logs/AssetImportWorker1.log
-srvPort
54075
Successfully changed project path to: C:/Users/Usuario/Desktop/PartyUniverse
C:/Users/Usuario/Desktop/PartyUniverse
[UnityMemory] Configuration Parameters - Can be set up in boot.config
    "memorysetup-bucket-allocator-granularity=16"
    "memorysetup-bucket-allocator-bucket-count=8"
    "memorysetup-bucket-allocator-block-size=33554432"
    "memorysetup-bucket-allocator-block-count=8"
    "memorysetup-main-allocator-block-size=16777216"
    "memorysetup-thread-allocator-block-size=16777216"
    "memorysetup-gfx-main-allocator-block-size=16777216"
    "memorysetup-gfx-thread-allocator-block-size=16777216"
    "memorysetup-cache-allocator-block-size=4194304"
    "memorysetup-typetree-allocator-block-size=2097152"
    "memorysetup-profiler-bucket-allocator-granularity=16"
    "memorysetup-profiler-bucket-allocator-bucket-count=8"
    "memorysetup-profiler-bucket-allocator-block-size=33554432"
    "memorysetup-profiler-bucket-allocator-block-count=8"
    "memorysetup-profiler-allocator-block-size=16777216"
    "memorysetup-profiler-editor-allocator-block-size=1048576"
    "memorysetup-temp-allocator-size-main=16777216"
    "memorysetup-job-temp-allocator-block-size=2097152"
    "memorysetup-job-temp-allocator-block-size-background=1048576"
    "memorysetup-job-temp-allocator-reduction-small-platforms=262144"
    "memorysetup-allocator-temp-initial-block-size-main=262144"
    "memorysetup-allocator-temp-initial-block-size-worker=262144"
    "memorysetup-temp-allocator-size-background-worker=32768"
    "memorysetup-temp-allocator-size-job-worker=262144"
    "memorysetup-temp-allocator-size-preload-manager=33554432"
    "memorysetup-temp-allocator-size-nav-mesh-worker=65536"
    "memorysetup-temp-allocator-size-audio-worker=65536"
    "memorysetup-temp-allocator-size-cloud-worker=32768"
    "memorysetup-temp-allocator-size-gi-baking-worker=262144"
    "memorysetup-temp-allocator-size-gfx=262144"
Player connection [11244] Host "[IP] 192.168.56.1 [Port] 0 [Flags] 2 [Guid] 2278784514 [EditorId] 2278784514 [Version] 1048832 [Id] WindowsEditor(7,DESKTOP-HKAGGLI) [Debug] 1 [PackageName] WindowsEditor [ProjectName] Editor" joined multi-casting on [225.0.0.222:54997]...

Player connection [11244] Host "[IP] 192.168.56.1 [Port] 0 [Flags] 2 [Guid] 2278784514 [EditorId] 2278784514 [Version] 1048832 [Id] WindowsEditor(7,DESKTOP-HKAGGLI) [Debug] 1 [PackageName] WindowsEditor [ProjectName] Editor" joined alternative multi-casting on [225.0.0.222:34997]...

[Physics::Module] Initialized MultithreadedJobDispatcher with 7 workers.
Refreshing native plugins compatible for Editor in 2995.34 ms, found 3 plugins.
Preloading 0 native plugins for Editor in 0.00 ms.
Initialize engine version: 2022.3.19f1 (244b723c30a6)
[Subsystems] Discovering subsystems at path C:/Program Files/Unity/Hub/Editor/2022.3.19f1/Editor/Data/Resources/UnitySubsystems
[Subsystems] Discovering subsystems at path C:/Users/Usuario/Desktop/PartyUniverse/Assets
GfxDevice: creating device client; threaded=0; jobified=0
Direct3D:
    Version:  Direct3D 11.0 [level 11.1]
    Renderer: Radeon RX 560X (ID=0x67ef)
    Vendor:   ATI
    VRAM:     4074 MB
    Driver:   31.0.21912.14
Initialize mono
Mono path[0] = 'C:/Program Files/Unity/Hub/Editor/2022.3.19f1/Editor/Data/Managed'
Mono path[1] = 'C:/Program Files/Unity/Hub/Editor/2022.3.19f1/Editor/Data/MonoBleedingEdge/lib/mono/unityjit-win32'
Mono config path = 'C:/Program Files/Unity/Hub/Editor/2022.3.19f1/Editor/Data/MonoBleedingEdge/etc'
Using monoOptions --debugger-agent=transport=dt_socket,embedding=1,server=y,suspend=n,address=127.0.0.1:56260
Begin MonoManager ReloadAssembly
Registering precompiled unity dll's ...
Register platform support module: C:/Program Files/Unity/Hub/Editor/2022.3.19f1/Editor/Data/PlaybackEngines/WebGLSupport/UnityEditor.WebGL.Extensions.dll
Register platform support module: C:/Program Files/Unity/Hub/Editor/2022.3.19f1/Editor/Data/PlaybackEngines/AndroidPlayer/UnityEditor.Android.Extensions.dll
Register platform support module: C:/Program Files/Unity/Hub/Editor/2022.3.19f1/Editor/Data/PlaybackEngines/WindowsStandaloneSupport/UnityEditor.WindowsStandalone.Extensions.dll
Registered in 0.019653 seconds.
- Loaded All Assemblies, in  9.908 seconds
Native extension for WindowsStandalone target not found
Native extension for Android target not found
Android Extension - Scanning For ADB Devices 431 ms
Native extension for WebGL target not found
Mono: successfully reloaded assembly
- Finished resetting the current domain, in  1.008 seconds
Domain Reload Profiling: 10912ms
	BeginReloadAssembly (7639ms)
		ExecutionOrderSort (0ms)
		DisableScriptedObjects (0ms)
		BackupInstance (0ms)
		ReleaseScriptingObjects (0ms)
		CreateAndSetChildDomain (1ms)
	RebuildCommonClasses (741ms)
	RebuildNativeTypeToScriptingClass (15ms)
	initialDomainReloadingComplete (102ms)
	LoadAllAssembliesAndSetupDomain (1407ms)
		LoadAssemblies (7638ms)
		RebuildTransferFunctionScriptingTraits (0ms)
		AnalyzeDomain (1401ms)
			TypeCache.Refresh (1398ms)
				TypeCache.ScanAssembly (1076ms)
			ScanForSourceGeneratedMonoScriptInfo (1ms)
			ResolveRequiredComponents (1ms)
	FinalizeReload (1008ms)
		ReleaseScriptCaches (0ms)
		RebuildScriptCaches (0ms)
		SetupLoadedEditorAssemblies (914ms)
			LogAssemblyErrors (0ms)
			InitializePlatformSupportModulesInManaged (628ms)
			SetLoadedEditorAssemblies (6ms)
			RefreshPlugins (0ms)
			BeforeProcessingInitializeOnLoad (4ms)
			ProcessInitializeOnLoadAttributes (198ms)
			ProcessInitializeOnLoadMethodAttributes (78ms)
			AfterProcessingInitializeOnLoad (0ms)
			EditorAssembliesLoaded (0ms)
		ExecutionOrderSort2 (0ms)
		AwakeInstancesAfterBackupRestoration (0ms)
========================================================================
Worker process is ready to serve import requests
Begin MonoManager ReloadAssembly
- Loaded All Assemblies, in  8.366 seconds
Refreshing native plugins compatible for Editor in 6.66 ms, found 3 plugins.
Native extension for WindowsStandalone target not found
Native extension for Android target not found
Native extension for WebGL target not found
Package Manager log level set to [2]
[Package Manager] Server::EnsureServerProcessIsRunning -- launch failed, reason: Unity was launched with the -noUpm command-line argument
[Package Manager] UpmClient::Send -- Unable to send message (not connected to UPM process).
[Package Manager] Cannot connect to Unity Package Manager local server
Mono: successfully reloaded assembly
- Finished resetting the current domain, in  1.267 seconds
Domain Reload Profiling: 9629ms
	BeginReloadAssembly (234ms)
		ExecutionOrderSort (0ms)
		DisableScriptedObjects (10ms)
		BackupInstance (0ms)
		ReleaseScriptingObjects (0ms)
		CreateAndSetChildDomain (31ms)
	RebuildCommonClasses (60ms)
	RebuildNativeTypeToScriptingClass (17ms)
	initialDomainReloadingComplete (75ms)
	LoadAllAssembliesAndSetupDomain (7975ms)
		LoadAssemblies (6656ms)
		RebuildTransferFunctionScriptingTraits (0ms)
		AnalyzeDomain (1454ms)
			TypeCache.Refresh (1413ms)
				TypeCache.ScanAssembly (1307ms)
			ScanForSourceGeneratedMonoScriptInfo (30ms)
			ResolveRequiredComponents (7ms)
	FinalizeReload (1268ms)
		ReleaseScriptCaches (0ms)
		RebuildScriptCaches (0ms)
		SetupLoadedEditorAssemblies (893ms)
			LogAssemblyErrors (0ms)
			InitializePlatformSupportModulesInManaged (58ms)
			SetLoadedEditorAssemblies (8ms)
			RefreshPlugins (0ms)
			BeforeProcessingInitializeOnLoad (112ms)
			ProcessInitializeOnLoadAttributes (660ms)
			ProcessInitializeOnLoadMethodAttributes (38ms)
			AfterProcessingInitializeOnLoad (16ms)
			EditorAssembliesLoaded (0ms)
		ExecutionOrderSort2 (0ms)
		AwakeInstancesAfterBackupRestoration (17ms)
Launched and connected shader compiler UnityShaderCompiler.exe after 0.09 seconds
Refreshing native plugins compatible for Editor in 7.08 ms, found 3 plugins.
Preloading 0 native plugins for Editor in 0.00 ms.
Unloading 3132 Unused Serialized files (Serialized files now loaded: 0)
Unloading 35 unused Assets / (57.4 KB). Loaded Objects now: 3599.
Memory consumption went from 129.1 MB to 129.0 MB.
Total: 5.357700 ms (FindLiveObjects: 0.507300 ms CreateObjectMapping: 0.165300 ms MarkObjects: 4.509100 ms  DeleteObjects: 0.174900 ms)

AssetImportParameters requested are different than current active one (requested -> active):
  custom:container-demuxer-ogg: 62fdf1f143b41e24485cea50d1cbac27 -> 
  custom:video-decoder-ogg-theora: a1e56fd34408186e4bbccfd4996cb3dc -> 
  custom:framework-win-MediaFoundation: 216162199b28c13a410421893ffa2e32 -> 
  custom:CustomObjectIndexerAttribute: 6d391050e5a25f67b0a2c618074f2cd9 -> 
  custom:container-demuxer-webm: 4f35f7cbe854078d1ac9338744f61a02 -> 
  custom:container-muxer-webm: aa71ff27fc2769a1b78a27578f13a17b -> 
  custom:video-decoder-webm-vp8: 9c59270c3fd7afecdb556c50c9e8de78 -> 
  custom:SearchIndexIgnoredProperties: e643bd26f0fe6173181afceb89e7c659 -> 
  custom:AudioImporter_EditorPlatform: d09bf68614088b80899f8185d706f6e7 -> 
  custom:video-encoder-webm-vp8: eb34c28f22e8b96e1ab97ce403110664 -> 
  custom:audio-decoder-ogg-vorbis: bf7c407c2cedff20999df2af8eb42d56 -> 
  custom:audio-encoder-webm-vorbis: bf7c407c2cedff20999df2af8eb42d56 -> 
========================================================================
Received Import Request.
  Time since last request: 95041.394612 seconds.
  path: Assets/Skeleton_Ghost/Textures/Body/Body_03/S2 Base.png
  artifactKey: Guid(bed5b8bd8a5526749aa899098bb761dd) Importer(815301076,1909f56bfc062723c751e8b465ee728b)
Start importing Assets/Skeleton_Ghost/Textures/Body/Body_03/S2 Base.png using Guid(bed5b8bd8a5526749aa899098bb761dd) Importer(815301076,1909f56bfc062723c751e8b465ee728b)  -> (artifact id: 'ca2ceffcb375a5c333daf9df39828ed2') in 0.179713 seconds
Number of updated asset objects reloaded before import = 0
Number of asset objects unloaded after import = 2
========================================================================
Received Import Request.
  Time since last request: 0.000029 seconds.
  path: Assets/Skeleton_Ghost/Textures/Body/Body_02/S2 Base.png
  artifactKey: Guid(9890a3cfafb9d804089d5d6dc13279ab) Importer(815301076,1909f56bfc062723c751e8b465ee728b)
Start importing Assets/Skeleton_Ghost/Textures/Body/Body_02/S2 Base.png using Guid(9890a3cfafb9d804089d5d6dc13279ab) Importer(815301076,1909f56bfc062723c751e8b465ee728b)  -> (artifact id: '32e67c47ac972f03baf581e2d1bcbdca') in 0.176325 seconds
Number of updated asset objects reloaded before import = 0
Number of asset objects unloaded after import = 2
========================================================================
Received Import Request.
  Time since last request: 0.000061 seconds.
  path: Assets/Skeleton_Ghost/Textures/Body/Body_04/S4 Base.png
  artifactKey: Guid(3773bdaf6931c7a438fceec060632c0e) Importer(815301076,1909f56bfc062723c751e8b465ee728b)
Start importing Assets/Skeleton_Ghost/Textures/Body/Body_04/S4 Base.png using Guid(3773bdaf6931c7a438fceec060632c0e) Importer(815301076,1909f56bfc062723c751e8b465ee728b)  -> (artifact id: 'eca71a28ea333107e077e6f6aca9430e') in 0.066203 seconds
Number of updated asset objects reloaded before import = 0
Number of asset objects unloaded after import = 2
========================================================================
Received Import Request.
  Time since last request: 0.019641 seconds.
  path: Assets/Skeleton_Ghost/Textures/Head/Head_01/Skeleton 1_Head_1_3_MetallicSmoothness.png
  artifactKey: Guid(4bbd9df8fb09f8448918d2086d20ba1e) Importer(815301076,1909f56bfc062723c751e8b465ee728b)
Start importing Assets/Skeleton_Ghost/Textures/Head/Head_01/Skeleton 1_Head_1_3_MetallicSmoothness.png using Guid(4bbd9df8fb09f8448918d2086d20ba1e) Importer(815301076,1909f56bfc062723c751e8b465ee728b)  -> (artifact id: 'e14fad5851cb1fa862cd6ab253904109') in 0.278777 seconds
Number of updated asset objects reloaded before import = 0
Number of asset objects unloaded after import = 2
========================================================================
Received Import Request.
  Time since last request: 0.000081 seconds.
  path: Assets/Skeleton_Ghost/Textures/Body/Body_01/Skeleton For Substance_S_Body_Normal.png
  artifactKey: Guid(0995b60d6a6a0364bb9920e3a68165ef) Importer(815301076,1909f56bfc062723c751e8b465ee728b)
Start importing Assets/Skeleton_Ghost/Textures/Body/Body_01/Skeleton For Substance_S_Body_Normal.png using Guid(0995b60d6a6a0364bb9920e3a68165ef) Importer(815301076,1909f56bfc062723c751e8b465ee728b)  -> (artifact id: '73843c86f897eb4152f0752442589d5f') in 0.173877 seconds
Number of updated asset objects reloaded before import = 0
Number of asset objects unloaded after import = 2
========================================================================
Received Import Request.
  Time since last request: 0.000079 seconds.
  path: Assets/Skeleton_Ghost/Textures/Pant/Pant_01/Skeleton 1_S_Pant_MetallicSmoothness.png
  artifactKey: Guid(a1fa8c003c1e53842898476bcc06f346) Importer(815301076,1909f56bfc062723c751e8b465ee728b)
Start importing Assets/Skeleton_Ghost/Textures/Pant/Pant_01/Skeleton 1_S_Pant_MetallicSmoothness.png using Guid(a1fa8c003c1e53842898476bcc06f346) Importer(815301076,1909f56bfc062723c751e8b465ee728b)  -> (artifact id: '91910773ef36bf0b17ce36482375de25') in 0.052375 seconds
Number of updated asset objects reloaded before import = 0
Number of asset objects unloaded after import = 2
========================================================================
Received Import Request.
  Time since last request: 0.000061 seconds.
  path: Assets/Skeleton_Ghost/Textures/Pant/Pant_04/Skeleton 1_S_Pant_AlbedoTransparency.png
  artifactKey: Guid(dd3cfd24a3727614985c345fe5e85f9b) Importer(815301076,1909f56bfc062723c751e8b465ee728b)
Start importing Assets/Skeleton_Ghost/Textures/Pant/Pant_04/Skeleton 1_S_Pant_AlbedoTransparency.png using Guid(dd3cfd24a3727614985c345fe5e85f9b) Importer(815301076,1909f56bfc062723c751e8b465ee728b)  -> (artifact id: 'fbade096b052f138b1a714aa95665e84') in 0.056439 seconds
Number of updated asset objects reloaded before import = 0
Number of asset objects unloaded after import = 2
========================================================================
Received Import Request.
  Time since last request: 0.000042 seconds.
  path: Assets/Skeleton_Ghost/Textures/Pant/Pant_01/Skeleton 1_S_Pant_AlbedoTransparency.png
  artifactKey: Guid(c249b2435b1719c4996bfe8904f1ef38) Importer(815301076,1909f56bfc062723c751e8b465ee728b)
Start importing Assets/Skeleton_Ghost/Textures/Pant/Pant_01/Skeleton 1_S_Pant_AlbedoTransparency.png using Guid(c249b2435b1719c4996bfe8904f1ef38) Importer(815301076,1909f56bfc062723c751e8b465ee728b)  -> (artifact id: '1dfda52796ce6e1105a46b05b6308db6') in 0.070982 seconds
Number of updated asset objects reloaded before import = 0
Number of asset objects unloaded after import = 2
========================================================================
Received Import Request.
  Time since last request: 0.000067 seconds.
  path: Assets/Skeleton_Ghost/Textures/Pant/Pant_02/Skeleton 1_S_Pant_AlbedoTransparency.png
  artifactKey: Guid(1badb1f3969596d4fbddf3b62abd2dd2) Importer(815301076,1909f56bfc062723c751e8b465ee728b)
Start importing Assets/Skeleton_Ghost/Textures/Pant/Pant_02/Skeleton 1_S_Pant_AlbedoTransparency.png using Guid(1badb1f3969596d4fbddf3b62abd2dd2) Importer(815301076,1909f56bfc062723c751e8b465ee728b)  -> (artifact id: '9588dc2185ee3ebf96f3a9cca4118213') in 0.377852 seconds
Number of updated asset objects reloaded before import = 0
Number of asset objects unloaded after import = 2
========================================================================
Received Import Request.
  Time since last request: 0.000049 seconds.
  path: Assets/Skeleton_Ghost/Textures/Body/Body_04/Skeleton For Substance_S_Body_MetallicSmoothness.png
  artifactKey: Guid(208aed2555059bc40bae6d6bae13382e) Importer(815301076,1909f56bfc062723c751e8b465ee728b)
Start importing Assets/Skeleton_Ghost/Textures/Body/Body_04/Skeleton For Substance_S_Body_MetallicSmoothness.png using Guid(208aed2555059bc40bae6d6bae13382e) Importer(815301076,1909f56bfc062723c751e8b465ee728b)  -> (artifact id: '6d714e3ea01010adaa3717bc6d1774db') in 0.112826 seconds
Number of updated asset objects reloaded before import = 0
Number of asset objects unloaded after import = 2
========================================================================
Received Prepare
Begin MonoManager ReloadAssembly
- Loaded All Assemblies, in  5.533 seconds
Refreshing native plugins compatible for Editor in 7.10 ms, found 3 plugins.
Native extension for WindowsStandalone target not found
Native extension for Android target not found
Native extension for WebGL target not found
[Package Manager] Server::EnsureServerProcessIsRunning -- launch failed, reason: Unity was launched with the -noUpm command-line argument
[Package Manager] UpmClient::Send -- Unable to send message (not connected to UPM process).
[Package Manager] Cannot connect to Unity Package Manager local server
Mono: successfully reloaded assembly
- Finished resetting the current domain, in 19.321 seconds
Domain Reload Profiling: 24845ms
	BeginReloadAssembly (846ms)
		ExecutionOrderSort (0ms)
		DisableScriptedObjects (61ms)
		BackupInstance (0ms)
		ReleaseScriptingObjects (2ms)
		CreateAndSetChildDomain (230ms)
	RebuildCommonClasses (126ms)
	RebuildNativeTypeToScriptingClass (31ms)
	initialDomainReloadingComplete (187ms)
	LoadAllAssembliesAndSetupDomain (4333ms)
		LoadAssemblies (4571ms)
		RebuildTransferFunctionScriptingTraits (0ms)
		AnalyzeDomain (146ms)
			TypeCache.Refresh (87ms)
				TypeCache.ScanAssembly (35ms)
			ScanForSourceGeneratedMonoScriptInfo (35ms)
			ResolveRequiredComponents (22ms)
	FinalizeReload (19322ms)
		ReleaseScriptCaches (0ms)
		RebuildScriptCaches (0ms)
		SetupLoadedEditorAssemblies (929ms)
			LogAssemblyErrors (0ms)
			InitializePlatformSupportModulesInManaged (92ms)
			SetLoadedEditorAssemblies (12ms)
			RefreshPlugins (0ms)
			BeforeProcessingInitializeOnLoad (144ms)
			ProcessInitializeOnLoadAttributes (625ms)
			ProcessInitializeOnLoadMethodAttributes (43ms)
			AfterProcessingInitializeOnLoad (14ms)
			EditorAssembliesLoaded (0ms)
		ExecutionOrderSort2 (0ms)
		AwakeInstancesAfterBackupRestoration (15ms)
Refreshing native plugins compatible for Editor in 9.12 ms, found 3 plugins.
Preloading 0 native plugins for Editor in 0.00 ms.
Unloading 3544 Unused Serialized files (Serialized files now loaded: 0)
Unloading 43 unused Assets / (2.5 MB). Loaded Objects now: 4013.
Memory consumption went from 145.3 MB to 142.8 MB.
Total: 8.408700 ms (FindLiveObjects: 0.482700 ms CreateObjectMapping: 0.206800 ms MarkObjects: 5.538400 ms  DeleteObjects: 2.178700 ms)

Prepare: number of updated asset objects reloaded= 0
AssetImportParameters requested are different than current active one (requested -> active):
  custom:container-demuxer-ogg: 62fdf1f143b41e24485cea50d1cbac27 -> 
  custom:video-decoder-ogg-theora: a1e56fd34408186e4bbccfd4996cb3dc -> 
  custom:framework-win-MediaFoundation: 216162199b28c13a410421893ffa2e32 -> 
  custom:CustomObjectIndexerAttribute: 6d391050e5a25f67b0a2c618074f2cd9 -> 
  custom:container-demuxer-webm: 4f35f7cbe854078d1ac9338744f61a02 -> 
  custom:container-muxer-webm: aa71ff27fc2769a1b78a27578f13a17b -> 
  custom:video-decoder-webm-vp8: 9c59270c3fd7afecdb556c50c9e8de78 -> 
  custom:SearchIndexIgnoredProperties: e643bd26f0fe6173181afceb89e7c659 -> 
  custom:AudioImporter_EditorPlatform: d09bf68614088b80899f8185d706f6e7 -> 
  custom:video-encoder-webm-vp8: eb34c28f22e8b96e1ab97ce403110664 -> 
  custom:audio-decoder-ogg-vorbis: bf7c407c2cedff20999df2af8eb42d56 -> 
  custom:audio-encoder-webm-vorbis: bf7c407c2cedff20999df2af8eb42d56 -> 
